2025-01-28 08:29:07 [main] INFO  BaseClass - config.properties file is loaded
2025-01-28 08:29:13 [main] INFO  BaseClass - ChromeDriver instance is created
2025-01-28 08:29:27 [main] INFO  BaseClass - WebDriver initialized and Browser Maximized
2025-01-28 08:29:27 [main] TRACE BaseClass - This is a trace Message
2025-01-28 08:29:27 [main] DEBUG BaseClass - This is a debug message
2025-01-28 08:29:27 [main] WARN  BaseClass - This is a warn meaage
2025-01-28 08:29:27 [main] INFO  ActionDriver - WebDriver instance is associated to driver variable in ActionDriver class
2025-01-28 08:29:28 [main] INFO  ActionDriver - Value entered : Admin
2025-01-28 08:29:28 [main] INFO  ActionDriver - Value entered : admin123
2025-01-28 08:29:30 [main] INFO  ActionDriver -  Clicked an element
2025-01-28 08:30:21 [main] INFO  BaseClass - WebDriver instance is closed
2025-01-28 08:30:23 [main] INFO  BaseClass - ChromeDriver instance is created
2025-01-28 08:30:37 [main] INFO  BaseClass - WebDriver initialized and Browser Maximized
2025-01-28 08:30:37 [main] TRACE BaseClass - This is a trace Message
2025-01-28 08:30:37 [main] DEBUG BaseClass - This is a debug message
2025-01-28 08:30:37 [main] WARN  BaseClass - This is a warn meaage
2025-01-28 08:30:37 [main] INFO  ActionDriver - WebDriver instance is associated to driver variable in ActionDriver class
2025-01-28 08:30:37 [main] INFO  ActionDriver - Value entered : Admin
2025-01-28 08:30:38 [main] INFO  ActionDriver - Value entered : admin123
2025-01-28 08:30:38 [main] INFO  ActionDriver -  Clicked an element
2025-01-28 08:30:40 [main] INFO  ActionDriver -  Clicked an element
2025-01-28 08:30:42 [main] INFO  ActionDriver -  Clicked an element
2025-01-28 08:30:47 [main] INFO  BaseClass - WebDriver instance is closed
2025-01-28 08:30:49 [main] INFO  BaseClass - ChromeDriver instance is created
2025-01-28 08:31:03 [main] INFO  BaseClass - WebDriver initialized and Browser Maximized
2025-01-28 08:31:03 [main] TRACE BaseClass - This is a trace Message
2025-01-28 08:31:03 [main] DEBUG BaseClass - This is a debug message
2025-01-28 08:31:03 [main] WARN  BaseClass - This is a warn meaage
2025-01-28 08:31:03 [main] INFO  ActionDriver - WebDriver instance is associated to driver variable in ActionDriver class
2025-01-28 08:31:03 [main] INFO  ActionDriver - Value entered : Admin
2025-01-28 08:31:04 [main] INFO  ActionDriver - Value entered : admin123
2025-01-28 08:31:04 [main] INFO  ActionDriver -  Clicked an element
2025-01-28 08:31:14 [main] INFO  BaseClass - WebDriver instance is closed
2025-01-29 20:45:00 [main] INFO  BaseClass - config.properties file is loaded
2025-01-29 20:45:15 [main] INFO  BaseClass - ChromeDriver instance is created
2025-01-29 20:45:29 [main] INFO  BaseClass - WebDriver initialized and Browser Maximized
2025-01-29 20:45:29 [main] TRACE BaseClass - This is a trace Message
2025-01-29 20:45:29 [main] DEBUG BaseClass - This is a debug message
2025-01-29 20:45:29 [main] WARN  BaseClass - This is a warn meaage
2025-01-29 20:45:29 [main] INFO  ActionDriver - WebDriver instance is associated to driver variable in ActionDriver class
2025-01-29 20:45:29 [main] INFO  ActionDriver - entered text on :element with name : username Admin
2025-01-29 20:45:30 [main] INFO  ActionDriver - entered text on :element with name : password admin123
2025-01-29 20:45:30 [main] INFO  ActionDriver -  Clicked an element-->element with text : Login
2025-01-29 20:46:22 [main] INFO  BaseClass - WebDriver instance is closed
2025-01-29 20:46:24 [main] INFO  BaseClass - ChromeDriver instance is created
2025-01-29 20:46:38 [main] INFO  BaseClass - WebDriver initialized and Browser Maximized
2025-01-29 20:46:38 [main] TRACE BaseClass - This is a trace Message
2025-01-29 20:46:38 [main] DEBUG BaseClass - This is a debug message
2025-01-29 20:46:38 [main] WARN  BaseClass - This is a warn meaage
2025-01-29 20:46:38 [main] INFO  ActionDriver - WebDriver instance is associated to driver variable in ActionDriver class
2025-01-29 20:46:38 [main] INFO  ActionDriver - entered text on :element with name : username Admin
2025-01-29 20:46:39 [main] INFO  ActionDriver - entered text on :element with name : password admin123
2025-01-29 20:46:39 [main] INFO  ActionDriver -  Clicked an element-->element with text : Login
2025-01-29 20:46:41 [main] INFO  ActionDriver - Element is displayed: element with text : Admin
2025-01-29 20:46:41 [main] INFO  ActionDriver -  Clicked an element-->element with text : Kip Terrance Lemke
2025-01-29 20:46:43 [main] INFO  ActionDriver -  Clicked an element-->element with text : Logout
2025-01-29 20:46:49 [main] INFO  BaseClass - WebDriver instance is closed
2025-01-29 20:46:51 [main] INFO  BaseClass - ChromeDriver instance is created
2025-01-29 20:47:09 [main] INFO  BaseClass - WebDriver initialized and Browser Maximized
2025-01-29 20:47:09 [main] TRACE BaseClass - This is a trace Message
2025-01-29 20:47:09 [main] DEBUG BaseClass - This is a debug message
2025-01-29 20:47:09 [main] WARN  BaseClass - This is a warn meaage
2025-01-29 20:47:09 [main] INFO  ActionDriver - WebDriver instance is associated to driver variable in ActionDriver class
2025-01-29 20:47:09 [main] INFO  ActionDriver - entered text on :element with name : username Admin
2025-01-29 20:47:10 [main] INFO  ActionDriver - entered text on :element with name : password admin123
2025-01-29 20:47:10 [main] INFO  ActionDriver -  Clicked an element-->element with text : Login
2025-01-29 20:47:20 [main] INFO  ActionDriver - Element is displayed: Unable to describe the element
2025-01-29 20:47:21 [main] INFO  BaseClass - WebDriver instance is closed
2025-01-29 20:53:03 [main] INFO  BaseClass - config.properties file is loaded
2025-01-29 20:53:06 [main] INFO  BaseClass - ChromeDriver instance is created
2025-01-29 20:53:20 [main] INFO  BaseClass - WebDriver initialized and Browser Maximized
2025-01-29 20:53:20 [main] TRACE BaseClass - This is a trace Message
2025-01-29 20:53:20 [main] DEBUG BaseClass - This is a debug message
2025-01-29 20:53:20 [main] WARN  BaseClass - This is a warn meaage
2025-01-29 20:53:20 [main] INFO  ActionDriver - WebDriver instance is associated to driver variable in ActionDriver class
2025-01-29 20:53:20 [main] INFO  ActionDriver - entered text on element with name : username--> Admin
2025-01-29 20:53:21 [main] INFO  ActionDriver - entered text on element with name : password--> admin123
2025-01-29 20:53:21 [main] INFO  ActionDriver -  Clicked an element-->element with text : Login
2025-01-29 20:54:13 [main] INFO  BaseClass - WebDriver instance is closed
2025-01-29 20:54:15 [main] INFO  BaseClass - ChromeDriver instance is created
2025-01-29 20:54:29 [main] INFO  BaseClass - WebDriver initialized and Browser Maximized
2025-01-29 20:54:29 [main] TRACE BaseClass - This is a trace Message
2025-01-29 20:54:29 [main] DEBUG BaseClass - This is a debug message
2025-01-29 20:54:29 [main] WARN  BaseClass - This is a warn meaage
2025-01-29 20:54:29 [main] INFO  ActionDriver - WebDriver instance is associated to driver variable in ActionDriver class
2025-01-29 20:54:29 [main] INFO  ActionDriver - entered text on element with name : username--> Admin
2025-01-29 20:54:30 [main] INFO  ActionDriver - entered text on element with name : password--> admin123
2025-01-29 20:54:30 [main] INFO  ActionDriver -  Clicked an element-->element with text : Login
2025-01-29 20:54:32 [main] INFO  ActionDriver - Element is displayed: element with text : Admin
2025-01-29 20:54:32 [main] INFO  ActionDriver -  Clicked an element-->element with text : Kip Terrance Lemke
2025-01-29 20:54:34 [main] INFO  ActionDriver -  Clicked an element-->element with text : Logout
2025-01-29 20:54:39 [main] INFO  BaseClass - WebDriver instance is closed
2025-01-29 20:54:41 [main] INFO  BaseClass - ChromeDriver instance is created
2025-01-29 20:54:55 [main] INFO  BaseClass - WebDriver initialized and Browser Maximized
2025-01-29 20:54:55 [main] TRACE BaseClass - This is a trace Message
2025-01-29 20:54:55 [main] DEBUG BaseClass - This is a debug message
2025-01-29 20:54:55 [main] WARN  BaseClass - This is a warn meaage
2025-01-29 20:54:55 [main] INFO  ActionDriver - WebDriver instance is associated to driver variable in ActionDriver class
2025-01-29 20:54:55 [main] INFO  ActionDriver - entered text on element with name : username--> Admin
2025-01-29 20:54:55 [main] INFO  ActionDriver - entered text on element with name : password--> admin123
2025-01-29 20:54:56 [main] INFO  ActionDriver -  Clicked an element-->element with text : Login
2025-01-29 20:55:06 [main] INFO  ActionDriver - Element is displayed: Unable to describe the element
2025-01-29 20:55:06 [main] INFO  BaseClass - WebDriver instance is closed
2025-01-30 13:46:21 [main] INFO  BaseClass - config.properties file is loaded
2025-01-30 13:46:27 [TestNG-test-OrangeHRMTest-1] INFO  BaseClass - ChromeDriver instance is created
2025-01-30 13:46:27 [TestNG-test-OrangeHRMTest-2] INFO  BaseClass - ChromeDriver instance is created
2025-01-30 13:46:27 [TestNG-test-OrangeHRMTest-4] INFO  BaseClass - ChromeDriver instance is created
2025-01-30 13:46:27 [TestNG-test-OrangeHRMTest-3] INFO  BaseClass - ChromeDriver instance is created
2025-01-30 13:46:40 [TestNG-test-OrangeHRMTest-1] INFO  BaseClass - WebDriver initialized and Browser Maximized
2025-01-30 13:46:40 [TestNG-test-OrangeHRMTest-1] TRACE BaseClass - This is a trace Message
2025-01-30 13:46:40 [TestNG-test-OrangeHRMTest-1] DEBUG BaseClass - This is a debug message
2025-01-30 13:46:40 [TestNG-test-OrangeHRMTest-1] WARN  BaseClass - This is a warn meaage
2025-01-30 13:46:40 [TestNG-test-OrangeHRMTest-1] INFO  ActionDriver - WebDriver instance is associated to driver variable in ActionDriver class
2025-01-30 13:46:40 [TestNG-test-OrangeHRMTest-1] INFO  BaseClass - WebDriver instance is closed
2025-01-30 13:46:41 [TestNG-test-OrangeHRMTest-2] INFO  BaseClass - WebDriver initialized and Browser Maximized
2025-01-30 13:46:41 [TestNG-test-OrangeHRMTest-2] TRACE BaseClass - This is a trace Message
2025-01-30 13:46:41 [TestNG-test-OrangeHRMTest-2] DEBUG BaseClass - This is a debug message
2025-01-30 13:46:41 [TestNG-test-OrangeHRMTest-2] WARN  BaseClass - This is a warn meaage
2025-01-30 13:46:41 [TestNG-test-OrangeHRMTest-2] INFO  ActionDriver - WebDriver instance is associated to driver variable in ActionDriver class
2025-01-30 13:46:41 [TestNG-test-OrangeHRMTest-2] INFO  BaseClass - WebDriver instance is closed
2025-01-30 13:46:41 [TestNG-test-OrangeHRMTest-3] INFO  BaseClass - WebDriver initialized and Browser Maximized
2025-01-30 13:46:41 [TestNG-test-OrangeHRMTest-3] TRACE BaseClass - This is a trace Message
2025-01-30 13:46:41 [TestNG-test-OrangeHRMTest-3] DEBUG BaseClass - This is a debug message
2025-01-30 13:46:41 [TestNG-test-OrangeHRMTest-3] WARN  BaseClass - This is a warn meaage
2025-01-30 13:46:41 [TestNG-test-OrangeHRMTest-3] INFO  ActionDriver - WebDriver instance is associated to driver variable in ActionDriver class
2025-01-30 13:46:41 [TestNG-test-OrangeHRMTest-4] INFO  BaseClass - WebDriver initialized and Browser Maximized
2025-01-30 13:46:41 [TestNG-test-OrangeHRMTest-4] TRACE BaseClass - This is a trace Message
2025-01-30 13:46:41 [TestNG-test-OrangeHRMTest-4] DEBUG BaseClass - This is a debug message
2025-01-30 13:46:41 [TestNG-test-OrangeHRMTest-4] WARN  BaseClass - This is a warn meaage
2025-01-30 14:14:33 [main] INFO  BaseClass - config.properties file is loaded
2025-01-30 14:14:36 [TestNG-test-OrangeHRMTest-3] INFO  BaseClass - ChromeDriver instance is created
2025-01-30 14:14:36 [TestNG-test-OrangeHRMTest-2] INFO  BaseClass - ChromeDriver instance is created
2025-01-30 14:14:36 [TestNG-test-OrangeHRMTest-4] INFO  BaseClass - ChromeDriver instance is created
2025-01-30 14:14:36 [TestNG-test-OrangeHRMTest-1] INFO  BaseClass - ChromeDriver instance is created
2025-01-30 14:15:13 [TestNG-test-OrangeHRMTest-1] INFO  BaseClass - WebDriver initialized and Browser Maximized
2025-01-30 14:15:13 [TestNG-test-OrangeHRMTest-1] TRACE BaseClass - This is a trace Message
2025-01-30 14:15:13 [TestNG-test-OrangeHRMTest-1] DEBUG BaseClass - This is a debug message
2025-01-30 14:15:13 [TestNG-test-OrangeHRMTest-1] WARN  BaseClass - This is a warn meaage
2025-01-30 14:15:13 [TestNG-test-OrangeHRMTest-1] INFO  ActionDriver - WebDriver instance is associated to driver variable in ActionDriver class
2025-01-30 14:15:13 [TestNG-test-OrangeHRMTest-1] INFO  BaseClass - ActionDriver initialized for thread : 22
2025-01-30 14:15:13 [TestNG-test-OrangeHRMTest-1] INFO  BaseClass - WebDriver instance is closed
2025-01-30 14:15:13 [TestNG-test-OrangeHRMTest-3] INFO  BaseClass - WebDriver initialized and Browser Maximized
2025-01-30 14:15:13 [TestNG-test-OrangeHRMTest-3] TRACE BaseClass - This is a trace Message
2025-01-30 14:15:13 [TestNG-test-OrangeHRMTest-3] DEBUG BaseClass - This is a debug message
2025-01-30 14:15:13 [TestNG-test-OrangeHRMTest-3] WARN  BaseClass - This is a warn meaage
2025-01-30 14:15:13 [TestNG-test-OrangeHRMTest-3] INFO  ActionDriver - WebDriver instance is associated to driver variable in ActionDriver class
2025-01-30 14:15:13 [TestNG-test-OrangeHRMTest-3] INFO  BaseClass - ActionDriver initialized for thread : 24
2025-01-30 14:15:13 [TestNG-test-OrangeHRMTest-2] INFO  BaseClass - WebDriver initialized and Browser Maximized
2025-01-30 14:15:13 [TestNG-test-OrangeHRMTest-2] TRACE BaseClass - This is a trace Message
2025-01-30 14:15:13 [TestNG-test-OrangeHRMTest-2] DEBUG BaseClass - This is a debug message
2025-01-30 14:15:13 [TestNG-test-OrangeHRMTest-2] WARN  BaseClass - This is a warn meaage
2025-01-30 14:15:13 [TestNG-test-OrangeHRMTest-2] INFO  ActionDriver - WebDriver instance is associated to driver variable in ActionDriver class
2025-01-30 14:15:13 [TestNG-test-OrangeHRMTest-2] INFO  BaseClass - ActionDriver initialized for thread : 23
2025-01-30 14:15:13 [TestNG-test-OrangeHRMTest-3] INFO  ActionDriver - entered text on element with name : username--> Admin
2025-01-30 14:15:13 [TestNG-test-OrangeHRMTest-4] INFO  BaseClass - WebDriver initialized and Browser Maximized
2025-01-30 14:15:13 [TestNG-test-OrangeHRMTest-4] TRACE BaseClass - This is a trace Message
2025-01-30 14:15:13 [TestNG-test-OrangeHRMTest-4] DEBUG BaseClass - This is a debug message
2025-01-30 14:15:13 [TestNG-test-OrangeHRMTest-4] WARN  BaseClass - This is a warn meaage
2025-01-30 14:15:13 [TestNG-test-OrangeHRMTest-4] INFO  ActionDriver - WebDriver instance is associated to driver variable in ActionDriver class
2025-01-30 14:15:13 [TestNG-test-OrangeHRMTest-4] INFO  BaseClass - ActionDriver initialized for thread : 25
2025-01-30 14:15:13 [TestNG-test-OrangeHRMTest-2] INFO  BaseClass - WebDriver instance is closed
2025-01-30 14:15:13 [TestNG-test-OrangeHRMTest-3] INFO  ActionDriver - entered text on element with name : password--> admin123
2025-01-30 14:15:13 [TestNG-test-OrangeHRMTest-4] INFO  ActionDriver - entered text on element with name : username--> Admin
2025-01-30 14:15:13 [TestNG-test-OrangeHRMTest-3] INFO  ActionDriver -  Clicked an element-->element with text : Login
2025-01-30 14:15:13 [TestNG-test-OrangeHRMTest-4] INFO  ActionDriver - entered text on element with name : password--> admin123
2025-01-30 14:15:14 [TestNG-test-OrangeHRMTest-4] INFO  ActionDriver -  Clicked an element-->element with text : Login
2025-01-30 14:15:24 [TestNG-test-OrangeHRMTest-4] INFO  ActionDriver - Element is displayed: Unable to describe the element
2025-01-30 14:15:24 [TestNG-test-OrangeHRMTest-4] INFO  BaseClass - WebDriver instance is closed
2025-01-30 14:16:05 [TestNG-test-OrangeHRMTest-3] INFO  BaseClass - WebDriver instance is closed
2025-01-30 14:16:06 [TestNG-test-OrangeHRMTest-3] INFO  BaseClass - ChromeDriver instance is created
2025-01-30 14:16:37 [TestNG-test-OrangeHRMTest-3] INFO  BaseClass - WebDriver initialized and Browser Maximized
2025-01-30 14:16:37 [TestNG-test-OrangeHRMTest-3] TRACE BaseClass - This is a trace Message
2025-01-30 14:16:37 [TestNG-test-OrangeHRMTest-3] DEBUG BaseClass - This is a debug message
2025-01-30 14:16:37 [TestNG-test-OrangeHRMTest-3] WARN  BaseClass - This is a warn meaage
2025-01-30 14:16:37 [TestNG-test-OrangeHRMTest-3] INFO  ActionDriver - WebDriver instance is associated to driver variable in ActionDriver class
2025-01-30 14:16:37 [TestNG-test-OrangeHRMTest-3] INFO  BaseClass - ActionDriver initialized for thread : 24
2025-01-30 14:16:37 [TestNG-test-OrangeHRMTest-3] INFO  ActionDriver - entered text on element with name : username--> Admin
2025-01-30 14:16:37 [TestNG-test-OrangeHRMTest-3] INFO  ActionDriver - entered text on element with name : password--> admin123
2025-01-30 14:16:37 [TestNG-test-OrangeHRMTest-3] INFO  ActionDriver -  Clicked an element-->element with text : Login
2025-01-30 14:16:39 [TestNG-test-OrangeHRMTest-3] INFO  ActionDriver - Element is displayed: element with text : Admin
2025-01-30 14:16:39 [TestNG-test-OrangeHRMTest-3] INFO  ActionDriver -  Clicked an element-->element with text : Moshe Levi
2025-01-30 14:16:41 [TestNG-test-OrangeHRMTest-3] INFO  ActionDriver -  Clicked an element-->element with text : Logout
2025-01-30 14:16:47 [TestNG-test-OrangeHRMTest-3] INFO  BaseClass - WebDriver instance is closed
2025-01-30 14:17:56 [main] INFO  BaseClass - config.properties file is loaded
2025-01-30 14:17:58 [TestNG-test-OrangeHRMTest-1] INFO  BaseClass - ChromeDriver instance is created
2025-01-30 14:17:58 [TestNG-test-OrangeHRMTest-3] INFO  BaseClass - ChromeDriver instance is created
2025-01-30 14:17:58 [TestNG-test-OrangeHRMTest-4] INFO  BaseClass - ChromeDriver instance is created
2025-01-30 14:17:58 [TestNG-test-OrangeHRMTest-2] INFO  BaseClass - ChromeDriver instance is created
2025-01-30 14:18:28 [TestNG-test-OrangeHRMTest-1] INFO  BaseClass - WebDriver initialized and Browser Maximized
2025-01-30 14:18:28 [TestNG-test-OrangeHRMTest-1] TRACE BaseClass - This is a trace Message
2025-01-30 14:18:28 [TestNG-test-OrangeHRMTest-1] DEBUG BaseClass - This is a debug message
2025-01-30 14:18:28 [TestNG-test-OrangeHRMTest-1] WARN  BaseClass - This is a warn meaage
2025-01-30 14:18:28 [TestNG-test-OrangeHRMTest-1] INFO  ActionDriver - WebDriver instance is associated to driver variable in ActionDriver class
2025-01-30 14:18:28 [TestNG-test-OrangeHRMTest-1] INFO  BaseClass - ActionDriver initialized for thread : 22
2025-01-30 14:18:28 [TestNG-test-OrangeHRMTest-1] INFO  BaseClass - WebDriver instance is closed
2025-01-30 14:18:33 [TestNG-test-OrangeHRMTest-2] INFO  BaseClass - WebDriver initialized and Browser Maximized
2025-01-30 14:18:33 [TestNG-test-OrangeHRMTest-2] TRACE BaseClass - This is a trace Message
2025-01-30 14:18:33 [TestNG-test-OrangeHRMTest-2] DEBUG BaseClass - This is a debug message
2025-01-30 14:18:33 [TestNG-test-OrangeHRMTest-2] WARN  BaseClass - This is a warn meaage
2025-01-30 14:18:33 [TestNG-test-OrangeHRMTest-2] INFO  ActionDriver - WebDriver instance is associated to driver variable in ActionDriver class
2025-01-30 14:18:33 [TestNG-test-OrangeHRMTest-2] INFO  BaseClass - ActionDriver initialized for thread : 23
2025-01-30 14:18:33 [TestNG-test-OrangeHRMTest-4] INFO  BaseClass - WebDriver initialized and Browser Maximized
2025-01-30 14:18:33 [TestNG-test-OrangeHRMTest-4] TRACE BaseClass - This is a trace Message
2025-01-30 14:18:33 [TestNG-test-OrangeHRMTest-4] DEBUG BaseClass - This is a debug message
2025-01-30 14:18:33 [TestNG-test-OrangeHRMTest-4] WARN  BaseClass - This is a warn meaage
2025-01-30 14:18:33 [TestNG-test-OrangeHRMTest-4] INFO  ActionDriver - WebDriver instance is associated to driver variable in ActionDriver class
2025-01-30 14:18:33 [TestNG-test-OrangeHRMTest-4] INFO  BaseClass - ActionDriver initialized for thread : 25
2025-01-30 14:18:33 [TestNG-test-OrangeHRMTest-2] INFO  BaseClass - WebDriver instance is closed
2025-01-30 14:18:33 [TestNG-test-OrangeHRMTest-4] INFO  ActionDriver - entered text on element with name : username--> Admin
2025-01-30 14:18:33 [TestNG-test-OrangeHRMTest-3] INFO  BaseClass - WebDriver initialized and Browser Maximized
2025-01-30 14:18:33 [TestNG-test-OrangeHRMTest-3] TRACE BaseClass - This is a trace Message
2025-01-30 14:18:33 [TestNG-test-OrangeHRMTest-3] DEBUG BaseClass - This is a debug message
2025-01-30 14:18:33 [TestNG-test-OrangeHRMTest-3] WARN  BaseClass - This is a warn meaage
2025-01-30 14:18:33 [TestNG-test-OrangeHRMTest-3] INFO  ActionDriver - WebDriver instance is associated to driver variable in ActionDriver class
2025-01-30 14:18:33 [TestNG-test-OrangeHRMTest-3] INFO  BaseClass - ActionDriver initialized for thread : 24
2025-01-30 14:18:33 [TestNG-test-OrangeHRMTest-4] INFO  ActionDriver - entered text on element with name : password--> admin123
2025-01-30 14:18:33 [TestNG-test-OrangeHRMTest-3] INFO  ActionDriver - entered text on element with name : username--> Admin
2025-01-30 14:18:33 [TestNG-test-OrangeHRMTest-3] INFO  ActionDriver - entered text on element with name : password--> admin1234
2025-01-30 14:18:33 [TestNG-test-OrangeHRMTest-3] INFO  ActionDriver -  Clicked an element-->element with text : Login
2025-01-30 14:18:34 [TestNG-test-OrangeHRMTest-4] INFO  ActionDriver -  Clicked an element-->element with text : Login
2025-01-30 14:18:38 [TestNG-test-OrangeHRMTest-3] INFO  ActionDriver - Text are Matching : Invalid credentials equals Invalid credentials
2025-01-30 14:18:39 [TestNG-test-OrangeHRMTest-3] INFO  BaseClass - WebDriver instance is closed
2025-01-30 14:18:40 [TestNG-test-OrangeHRMTest-3] INFO  BaseClass - ChromeDriver instance is created
2025-01-30 14:18:45 [TestNG-test-OrangeHRMTest-4] INFO  ActionDriver - Element is displayed: Unable to describe the element
2025-01-30 14:18:45 [TestNG-test-OrangeHRMTest-4] INFO  BaseClass - WebDriver instance is closed
2025-01-30 14:19:14 [TestNG-test-OrangeHRMTest-3] INFO  BaseClass - WebDriver initialized and Browser Maximized
2025-01-30 14:19:14 [TestNG-test-OrangeHRMTest-3] TRACE BaseClass - This is a trace Message
2025-01-30 14:19:14 [TestNG-test-OrangeHRMTest-3] DEBUG BaseClass - This is a debug message
2025-01-30 14:19:14 [TestNG-test-OrangeHRMTest-3] WARN  BaseClass - This is a warn meaage
2025-01-30 14:19:14 [TestNG-test-OrangeHRMTest-3] INFO  ActionDriver - WebDriver instance is associated to driver variable in ActionDriver class
2025-01-30 14:19:14 [TestNG-test-OrangeHRMTest-3] INFO  BaseClass - ActionDriver initialized for thread : 24
2025-01-30 14:19:14 [TestNG-test-OrangeHRMTest-3] INFO  ActionDriver - entered text on element with name : username--> Admin
2025-01-30 14:19:14 [TestNG-test-OrangeHRMTest-3] INFO  ActionDriver - entered text on element with name : password--> admin123
2025-01-30 14:19:14 [TestNG-test-OrangeHRMTest-3] INFO  ActionDriver -  Clicked an element-->element with text : Login
2025-01-30 14:19:16 [TestNG-test-OrangeHRMTest-3] INFO  ActionDriver - Element is displayed: element with text : Admin
2025-01-30 14:19:16 [TestNG-test-OrangeHRMTest-3] INFO  ActionDriver -  Clicked an element-->element with text : Moshe Levi
2025-01-30 14:19:18 [TestNG-test-OrangeHRMTest-3] INFO  ActionDriver -  Clicked an element-->element with text : Logout
2025-01-30 14:19:23 [TestNG-test-OrangeHRMTest-3] INFO  BaseClass - WebDriver instance is closed
2025-01-30 14:21:34 [main] INFO  BaseClass - config.properties file is loaded
2025-01-30 14:21:35 [TestNG-tests-1] INFO  BaseClass - ChromeDriver instance is created
2025-01-30 14:22:07 [TestNG-tests-1] INFO  BaseClass - WebDriver initialized and Browser Maximized
2025-01-30 14:22:07 [TestNG-tests-1] TRACE BaseClass - This is a trace Message
2025-01-30 14:22:07 [TestNG-tests-1] DEBUG BaseClass - This is a debug message
2025-01-30 14:22:07 [TestNG-tests-1] WARN  BaseClass - This is a warn meaage
2025-01-30 14:22:07 [TestNG-tests-1] INFO  ActionDriver - WebDriver instance is associated to driver variable in ActionDriver class
2025-01-30 14:22:07 [TestNG-tests-1] INFO  BaseClass - ActionDriver initialized for thread : 23
2025-01-30 14:22:07 [TestNG-tests-1] INFO  BaseClass - WebDriver instance is closed
2025-01-30 14:22:08 [TestNG-tests-1] INFO  BaseClass - ChromeDriver instance is created
2025-01-30 14:22:39 [TestNG-tests-1] INFO  BaseClass - WebDriver initialized and Browser Maximized
2025-01-30 14:22:39 [TestNG-tests-1] TRACE BaseClass - This is a trace Message
2025-01-30 14:22:39 [TestNG-tests-1] DEBUG BaseClass - This is a debug message
2025-01-30 14:22:39 [TestNG-tests-1] WARN  BaseClass - This is a warn meaage
2025-01-30 14:22:39 [TestNG-tests-1] INFO  ActionDriver - WebDriver instance is associated to driver variable in ActionDriver class
2025-01-30 14:22:39 [TestNG-tests-1] INFO  BaseClass - ActionDriver initialized for thread : 23
2025-01-30 14:22:40 [TestNG-tests-1] INFO  BaseClass - WebDriver instance is closed
2025-01-30 14:22:41 [TestNG-tests-1] INFO  BaseClass - ChromeDriver instance is created
2025-01-30 14:23:14 [TestNG-tests-1] INFO  BaseClass - WebDriver initialized and Browser Maximized
2025-01-30 14:23:14 [TestNG-tests-1] TRACE BaseClass - This is a trace Message
2025-01-30 14:23:14 [TestNG-tests-1] DEBUG BaseClass - This is a debug message
2025-01-30 14:23:14 [TestNG-tests-1] WARN  BaseClass - This is a warn meaage
2025-01-30 14:23:14 [TestNG-tests-1] INFO  ActionDriver - WebDriver instance is associated to driver variable in ActionDriver class
2025-01-30 14:23:14 [TestNG-tests-1] INFO  BaseClass - ActionDriver initialized for thread : 23
2025-01-30 14:23:14 [TestNG-tests-1] INFO  ActionDriver - entered text on element with name : username--> Admin
2025-01-30 14:23:14 [TestNG-tests-1] INFO  ActionDriver - entered text on element with name : password--> admin1234
2025-01-30 14:23:14 [TestNG-tests-1] INFO  ActionDriver -  Clicked an element-->element with text : Login
2025-01-30 14:23:19 [TestNG-tests-1] INFO  ActionDriver - Text are Matching : Invalid credentials equals Invalid credentials
2025-01-30 14:23:19 [TestNG-tests-1] INFO  BaseClass - WebDriver instance is closed
2025-01-30 14:23:21 [TestNG-tests-1] INFO  BaseClass - ChromeDriver instance is created
2025-01-30 14:23:53 [TestNG-tests-1] INFO  BaseClass - WebDriver initialized and Browser Maximized
2025-01-30 14:23:53 [TestNG-tests-1] TRACE BaseClass - This is a trace Message
2025-01-30 14:23:53 [TestNG-tests-1] DEBUG BaseClass - This is a debug message
2025-01-30 14:23:53 [TestNG-tests-1] WARN  BaseClass - This is a warn meaage
2025-01-30 14:23:53 [TestNG-tests-1] INFO  ActionDriver - WebDriver instance is associated to driver variable in ActionDriver class
2025-01-30 14:23:53 [TestNG-tests-1] INFO  BaseClass - ActionDriver initialized for thread : 23
2025-01-30 14:23:53 [TestNG-tests-1] INFO  ActionDriver - entered text on element with name : username--> Admin
2025-01-30 14:23:53 [TestNG-tests-1] INFO  ActionDriver - entered text on element with name : password--> admin123
2025-01-30 14:23:53 [TestNG-tests-1] INFO  ActionDriver -  Clicked an element-->element with text : Login
2025-01-30 14:23:55 [TestNG-tests-1] INFO  ActionDriver - Element is displayed: element with text : Admin
2025-01-30 14:23:55 [TestNG-tests-1] INFO  ActionDriver -  Clicked an element-->element with text : Moshe Levi
2025-01-30 14:23:57 [TestNG-tests-1] INFO  ActionDriver -  Clicked an element-->element with text : Logout
2025-01-30 14:24:02 [TestNG-tests-1] INFO  BaseClass - WebDriver instance is closed
2025-01-30 14:24:03 [TestNG-tests-1] INFO  BaseClass - ChromeDriver instance is created
2025-01-30 14:24:37 [TestNG-tests-1] INFO  BaseClass - WebDriver initialized and Browser Maximized
2025-01-30 14:24:37 [TestNG-tests-1] TRACE BaseClass - This is a trace Message
2025-01-30 14:24:37 [TestNG-tests-1] DEBUG BaseClass - This is a debug message
2025-01-30 14:24:37 [TestNG-tests-1] WARN  BaseClass - This is a warn meaage
2025-01-30 14:24:37 [TestNG-tests-1] INFO  ActionDriver - WebDriver instance is associated to driver variable in ActionDriver class
2025-01-30 14:24:37 [TestNG-tests-1] INFO  BaseClass - ActionDriver initialized for thread : 23
2025-01-30 14:24:37 [TestNG-tests-1] INFO  ActionDriver - entered text on element with name : username--> Admin
2025-01-30 14:24:37 [TestNG-tests-1] INFO  ActionDriver - entered text on element with name : password--> admin123
2025-01-30 14:24:37 [TestNG-tests-1] INFO  ActionDriver -  Clicked an element-->element with text : Login
2025-01-30 14:24:47 [TestNG-tests-1] INFO  ActionDriver - Element is displayed: Unable to describe the element
2025-01-30 14:24:47 [TestNG-tests-1] INFO  BaseClass - WebDriver instance is closed
2025-01-30 14:29:10 [main] INFO  BaseClass - config.properties file is loaded
2025-01-30 14:29:12 [TestNG-test-OrangeHRMTest-5] INFO  BaseClass - ChromeDriver instance is created
2025-01-30 14:29:12 [TestNG-test-OrangeHRMTest-4] INFO  BaseClass - ChromeDriver instance is created
2025-01-30 14:29:12 [TestNG-test-OrangeHRMTest-1] INFO  BaseClass - ChromeDriver instance is created
2025-01-30 14:29:12 [TestNG-test-OrangeHRMTest-2] INFO  BaseClass - ChromeDriver instance is created
2025-01-30 14:29:12 [TestNG-test-OrangeHRMTest-3] INFO  BaseClass - ChromeDriver instance is created
2025-01-30 14:29:24 [TestNG-test-OrangeHRMTest-1] INFO  BaseClass - WebDriver initialized and Browser Maximized
2025-01-30 14:29:24 [TestNG-test-OrangeHRMTest-1] TRACE BaseClass - This is a trace Message
2025-01-30 14:29:24 [TestNG-test-OrangeHRMTest-1] DEBUG BaseClass - This is a debug message
2025-01-30 14:29:24 [TestNG-test-OrangeHRMTest-1] WARN  BaseClass - This is a warn meaage
2025-01-30 14:29:24 [TestNG-test-OrangeHRMTest-5] INFO  BaseClass - WebDriver initialized and Browser Maximized
2025-01-30 14:29:24 [TestNG-test-OrangeHRMTest-5] TRACE BaseClass - This is a trace Message
2025-01-30 14:29:24 [TestNG-test-OrangeHRMTest-5] DEBUG BaseClass - This is a debug message
2025-01-30 14:29:24 [TestNG-test-OrangeHRMTest-1] INFO  ActionDriver - WebDriver instance is associated to driver variable in ActionDriver class
2025-01-30 14:29:24 [TestNG-test-OrangeHRMTest-1] INFO  BaseClass - ActionDriver initialized for thread : 23
2025-01-30 14:29:24 [TestNG-test-OrangeHRMTest-5] WARN  BaseClass - This is a warn meaage
2025-01-30 14:29:24 [TestNG-test-OrangeHRMTest-5] INFO  ActionDriver - WebDriver instance is associated to driver variable in ActionDriver class
2025-01-30 14:29:24 [TestNG-test-OrangeHRMTest-5] INFO  BaseClass - ActionDriver initialized for thread : 27
2025-01-30 14:29:24 [TestNG-test-OrangeHRMTest-1] INFO  BaseClass - WebDriver instance is closed
2025-01-30 14:29:24 [TestNG-test-OrangeHRMTest-5] INFO  ActionDriver - entered text on element with name : username--> Admin
2025-01-30 14:29:25 [TestNG-test-OrangeHRMTest-5] INFO  ActionDriver - entered text on element with name : password--> admin123
2025-01-30 14:29:25 [TestNG-test-OrangeHRMTest-5] INFO  ActionDriver -  Clicked an element-->element with text : Login
2025-01-30 14:29:26 [TestNG-test-OrangeHRMTest-2] INFO  BaseClass - WebDriver initialized and Browser Maximized
2025-01-30 14:29:26 [TestNG-test-OrangeHRMTest-2] TRACE BaseClass - This is a trace Message
2025-01-30 14:29:26 [TestNG-test-OrangeHRMTest-2] DEBUG BaseClass - This is a debug message
2025-01-30 14:29:26 [TestNG-test-OrangeHRMTest-2] WARN  BaseClass - This is a warn meaage
2025-01-30 14:29:26 [TestNG-test-OrangeHRMTest-2] INFO  ActionDriver - WebDriver instance is associated to driver variable in ActionDriver class
2025-01-30 14:29:26 [TestNG-test-OrangeHRMTest-2] INFO  BaseClass - ActionDriver initialized for thread : 24
2025-01-30 14:29:26 [TestNG-test-OrangeHRMTest-2] INFO  BaseClass - WebDriver instance is closed
2025-01-30 14:29:26 [TestNG-test-OrangeHRMTest-4] INFO  BaseClass - WebDriver initialized and Browser Maximized
2025-01-30 14:29:26 [TestNG-test-OrangeHRMTest-4] TRACE BaseClass - This is a trace Message
2025-01-30 14:29:26 [TestNG-test-OrangeHRMTest-4] DEBUG BaseClass - This is a debug message
2025-01-30 14:29:26 [TestNG-test-OrangeHRMTest-4] WARN  BaseClass - This is a warn meaage
2025-01-30 14:29:26 [TestNG-test-OrangeHRMTest-4] INFO  ActionDriver - WebDriver instance is associated to driver variable in ActionDriver class
2025-01-30 14:29:26 [TestNG-test-OrangeHRMTest-4] INFO  BaseClass - ActionDriver initialized for thread : 26
2025-01-30 14:29:26 [TestNG-test-OrangeHRMTest-3] INFO  BaseClass - WebDriver initialized and Browser Maximized
2025-01-30 14:29:26 [TestNG-test-OrangeHRMTest-3] TRACE BaseClass - This is a trace Message
2025-01-30 14:29:26 [TestNG-test-OrangeHRMTest-3] DEBUG BaseClass - This is a debug message
2025-01-30 14:29:26 [TestNG-test-OrangeHRMTest-3] WARN  BaseClass - This is a warn meaage
2025-01-30 14:29:26 [TestNG-test-OrangeHRMTest-3] INFO  ActionDriver - WebDriver instance is associated to driver variable in ActionDriver class
2025-01-30 14:29:26 [TestNG-test-OrangeHRMTest-3] INFO  BaseClass - ActionDriver initialized for thread : 25
2025-01-30 14:29:26 [TestNG-test-OrangeHRMTest-4] INFO  ActionDriver - entered text on element with name : username--> Admin
2025-01-30 14:29:26 [TestNG-test-OrangeHRMTest-3] INFO  ActionDriver - entered text on element with name : username--> Admin
2025-01-30 14:29:26 [TestNG-test-OrangeHRMTest-4] INFO  ActionDriver - entered text on element with name : password--> admin123
2025-01-30 14:29:27 [TestNG-test-OrangeHRMTest-3] INFO  ActionDriver - entered text on element with name : password--> admin1234
2025-01-30 14:29:27 [TestNG-test-OrangeHRMTest-4] INFO  ActionDriver -  Clicked an element-->element with text : Login
2025-01-30 14:29:27 [TestNG-test-OrangeHRMTest-3] INFO  ActionDriver -  Clicked an element-->element with text : Login
2025-01-30 14:29:35 [TestNG-test-OrangeHRMTest-5] INFO  ActionDriver - Element is displayed: Unable to describe the element
2025-01-30 14:29:35 [TestNG-test-OrangeHRMTest-5] INFO  BaseClass - WebDriver instance is closed
2025-01-30 14:29:38 [TestNG-test-OrangeHRMTest-3] INFO  ActionDriver - Text are Matching : Invalid credentials equals Invalid credentials
2025-01-30 14:29:38 [TestNG-test-OrangeHRMTest-3] INFO  BaseClass - WebDriver instance is closed
2025-01-30 14:29:39 [TestNG-test-OrangeHRMTest-4] INFO  ActionDriver - Element is displayed: Unable to describe the element
2025-01-30 14:29:39 [TestNG-test-OrangeHRMTest-4] INFO  BaseClass - WebDriver instance is closed
2025-01-30 14:40:42 [main] INFO  BaseClass - config.properties file is loaded
2025-01-30 14:40:44 [TestNG-test-OrangeHRMTest-5] INFO  BaseClass - ChromeDriver instance is created
2025-01-30 14:40:44 [TestNG-test-OrangeHRMTest-2] INFO  BaseClass - ChromeDriver instance is created
2025-01-30 14:40:44 [TestNG-test-OrangeHRMTest-1] INFO  BaseClass - ChromeDriver instance is created
2025-01-30 14:40:44 [TestNG-test-OrangeHRMTest-4] INFO  BaseClass - ChromeDriver instance is created
2025-01-30 14:40:56 [TestNG-test-OrangeHRMTest-5] INFO  BaseClass - WebDriver initialized and Browser Maximized
2025-01-30 14:40:56 [TestNG-test-OrangeHRMTest-5] TRACE BaseClass - This is a trace Message
2025-01-30 14:40:56 [TestNG-test-OrangeHRMTest-5] DEBUG BaseClass - This is a debug message
2025-01-30 14:40:56 [TestNG-test-OrangeHRMTest-5] WARN  BaseClass - This is a warn meaage
2025-01-30 14:40:56 [TestNG-test-OrangeHRMTest-5] INFO  ActionDriver - WebDriver instance is associated to driver variable in ActionDriver class
2025-01-30 14:40:56 [TestNG-test-OrangeHRMTest-5] INFO  BaseClass - ActionDriver initialized for thread : 27
2025-01-30 14:40:56 [TestNG-test-OrangeHRMTest-5] INFO  ActionDriver - entered text on element with name : username--> Admin
2025-01-30 14:40:56 [TestNG-test-OrangeHRMTest-5] INFO  ActionDriver - entered text on element with name : password--> admin123
2025-01-30 14:40:57 [TestNG-test-OrangeHRMTest-5] INFO  ActionDriver -  Clicked an element-->element with text : Login
2025-01-30 14:40:57 [TestNG-test-OrangeHRMTest-2] INFO  BaseClass - WebDriver initialized and Browser Maximized
2025-01-30 14:40:57 [TestNG-test-OrangeHRMTest-2] TRACE BaseClass - This is a trace Message
2025-01-30 14:40:57 [TestNG-test-OrangeHRMTest-2] DEBUG BaseClass - This is a debug message
2025-01-30 14:40:57 [TestNG-test-OrangeHRMTest-2] WARN  BaseClass - This is a warn meaage
2025-01-30 14:40:57 [TestNG-test-OrangeHRMTest-2] INFO  ActionDriver - WebDriver instance is associated to driver variable in ActionDriver class
2025-01-30 14:40:57 [TestNG-test-OrangeHRMTest-2] INFO  BaseClass - ActionDriver initialized for thread : 24
2025-01-30 14:40:58 [TestNG-test-OrangeHRMTest-4] INFO  BaseClass - WebDriver initialized and Browser Maximized
2025-01-30 14:40:58 [TestNG-test-OrangeHRMTest-4] TRACE BaseClass - This is a trace Message
2025-01-30 14:40:58 [TestNG-test-OrangeHRMTest-4] DEBUG BaseClass - This is a debug message
2025-01-30 14:40:58 [TestNG-test-OrangeHRMTest-4] WARN  BaseClass - This is a warn meaage
2025-01-30 14:40:58 [TestNG-test-OrangeHRMTest-4] INFO  ActionDriver - WebDriver instance is associated to driver variable in ActionDriver class
2025-01-30 14:40:58 [TestNG-test-OrangeHRMTest-4] INFO  BaseClass - ActionDriver initialized for thread : 26
2025-01-30 14:40:58 [TestNG-test-OrangeHRMTest-2] INFO  BaseClass - WebDriver instance is closed
2025-01-30 14:40:58 [TestNG-test-OrangeHRMTest-4] INFO  ActionDriver - entered text on element with name : username--> Admin
2025-01-30 14:40:58 [TestNG-test-OrangeHRMTest-1] INFO  BaseClass - WebDriver initialized and Browser Maximized
2025-01-30 14:40:58 [TestNG-test-OrangeHRMTest-1] TRACE BaseClass - This is a trace Message
2025-01-30 14:40:58 [TestNG-test-OrangeHRMTest-1] DEBUG BaseClass - This is a debug message
2025-01-30 14:40:58 [TestNG-test-OrangeHRMTest-1] WARN  BaseClass - This is a warn meaage
2025-01-30 14:40:58 [TestNG-test-OrangeHRMTest-1] INFO  ActionDriver - WebDriver instance is associated to driver variable in ActionDriver class
2025-01-30 14:40:58 [TestNG-test-OrangeHRMTest-1] INFO  BaseClass - ActionDriver initialized for thread : 23
2025-01-30 14:40:58 [TestNG-test-OrangeHRMTest-4] INFO  ActionDriver - entered text on element with name : password--> admin123
2025-01-30 14:40:58 [TestNG-test-OrangeHRMTest-1] INFO  BaseClass - WebDriver instance is closed
2025-01-30 14:40:58 [TestNG-test-OrangeHRMTest-4] INFO  ActionDriver -  Clicked an element-->element with text : Login
2025-01-30 14:40:59 [TestNG-test-OrangeHRMTest-3] INFO  BaseClass - ChromeDriver instance is created
2025-01-30 14:41:01 [TestNG-test-OrangeHRMTest-4] INFO  ActionDriver - Element is displayed: element with text : Admin
2025-01-30 14:41:01 [TestNG-test-OrangeHRMTest-4] INFO  ActionDriver -  Clicked an element-->element with text : Moshe Levi
2025-01-30 14:41:03 [TestNG-test-OrangeHRMTest-4] INFO  ActionDriver -  Clicked an element-->element with text : Logout
2025-01-30 14:41:07 [TestNG-test-OrangeHRMTest-5] INFO  ActionDriver - Element is displayed: Unable to describe the element
2025-01-30 14:41:07 [TestNG-test-OrangeHRMTest-5] INFO  BaseClass - WebDriver instance is closed
2025-01-30 14:41:17 [TestNG-test-OrangeHRMTest-3] INFO  BaseClass - WebDriver initialized and Browser Maximized
2025-01-30 14:41:17 [TestNG-test-OrangeHRMTest-3] TRACE BaseClass - This is a trace Message
2025-01-30 14:41:17 [TestNG-test-OrangeHRMTest-3] DEBUG BaseClass - This is a debug message
2025-01-30 14:41:17 [TestNG-test-OrangeHRMTest-3] WARN  BaseClass - This is a warn meaage
2025-01-30 14:41:17 [TestNG-test-OrangeHRMTest-3] INFO  ActionDriver - WebDriver instance is associated to driver variable in ActionDriver class
2025-01-30 14:41:17 [TestNG-test-OrangeHRMTest-3] INFO  BaseClass - ActionDriver initialized for thread : 25
2025-01-30 14:41:17 [TestNG-test-OrangeHRMTest-4] INFO  BaseClass - WebDriver instance is closed
2025-01-30 14:41:17 [TestNG-test-OrangeHRMTest-3] INFO  ActionDriver - entered text on element with name : username--> Admin
2025-01-30 14:41:17 [TestNG-test-OrangeHRMTest-3] INFO  ActionDriver - entered text on element with name : password--> admin1234
2025-01-30 14:41:17 [TestNG-test-OrangeHRMTest-3] INFO  ActionDriver -  Clicked an element-->element with text : Login
2025-01-30 14:41:22 [TestNG-test-OrangeHRMTest-3] INFO  ActionDriver - Text are Matching : Invalid credentials equals Invalid credentials
2025-01-30 14:41:22 [TestNG-test-OrangeHRMTest-3] INFO  BaseClass - WebDriver instance is closed
2025-01-30 14:48:29 [main] INFO  BaseClass - config.properties file is loaded
2025-01-30 14:48:34 [TestNG-test-OrangeHRMTest-1] INFO  BaseClass - EdgeDriver instance is created
2025-01-30 14:48:36 [TestNG-test-OrangeHRMTest-5] INFO  BaseClass - EdgeDriver instance is created
2025-01-30 14:48:36 [TestNG-test-OrangeHRMTest-3] INFO  BaseClass - EdgeDriver instance is created
2025-01-30 14:48:36 [TestNG-test-OrangeHRMTest-2] INFO  BaseClass - EdgeDriver instance is created
2025-01-30 14:48:47 [TestNG-test-OrangeHRMTest-1] INFO  BaseClass - WebDriver initialized and Browser Maximized
2025-01-30 14:48:47 [TestNG-test-OrangeHRMTest-1] TRACE BaseClass - This is a trace Message
2025-01-30 14:48:47 [TestNG-test-OrangeHRMTest-1] DEBUG BaseClass - This is a debug message
2025-01-30 14:48:47 [TestNG-test-OrangeHRMTest-1] WARN  BaseClass - This is a warn meaage
2025-01-30 14:48:48 [TestNG-test-OrangeHRMTest-1] INFO  ActionDriver - WebDriver instance is associated to driver variable in ActionDriver class
2025-01-30 14:48:48 [TestNG-test-OrangeHRMTest-1] INFO  BaseClass - ActionDriver initialized for thread : 21
2025-01-30 14:48:49 [TestNG-test-OrangeHRMTest-1] INFO  BaseClass - WebDriver instance is closed
2025-01-30 14:48:49 [TestNG-test-OrangeHRMTest-5] INFO  BaseClass - WebDriver initialized and Browser Maximized
2025-01-30 14:48:49 [TestNG-test-OrangeHRMTest-5] TRACE BaseClass - This is a trace Message
2025-01-30 14:48:49 [TestNG-test-OrangeHRMTest-5] DEBUG BaseClass - This is a debug message
2025-01-30 14:48:49 [TestNG-test-OrangeHRMTest-5] WARN  BaseClass - This is a warn meaage
2025-01-30 14:48:49 [TestNG-test-OrangeHRMTest-5] INFO  ActionDriver - WebDriver instance is associated to driver variable in ActionDriver class
2025-01-30 14:48:49 [TestNG-test-OrangeHRMTest-5] INFO  BaseClass - ActionDriver initialized for thread : 25
2025-01-30 14:48:49 [TestNG-test-OrangeHRMTest-3] INFO  BaseClass - WebDriver initialized and Browser Maximized
2025-01-30 14:48:49 [TestNG-test-OrangeHRMTest-2] INFO  BaseClass - WebDriver initialized and Browser Maximized
2025-01-30 14:48:49 [TestNG-test-OrangeHRMTest-3] TRACE BaseClass - This is a trace Message
2025-01-30 14:48:49 [TestNG-test-OrangeHRMTest-2] TRACE BaseClass - This is a trace Message
2025-01-30 14:48:49 [TestNG-test-OrangeHRMTest-3] DEBUG BaseClass - This is a debug message
2025-01-30 14:48:49 [TestNG-test-OrangeHRMTest-2] DEBUG BaseClass - This is a debug message
2025-01-30 14:48:49 [TestNG-test-OrangeHRMTest-3] WARN  BaseClass - This is a warn meaage
2025-01-30 14:48:49 [TestNG-test-OrangeHRMTest-2] WARN  BaseClass - This is a warn meaage
2025-01-30 14:48:49 [TestNG-test-OrangeHRMTest-3] INFO  ActionDriver - WebDriver instance is associated to driver variable in ActionDriver class
2025-01-30 14:48:49 [TestNG-test-OrangeHRMTest-2] INFO  ActionDriver - WebDriver instance is associated to driver variable in ActionDriver class
2025-01-30 14:48:49 [TestNG-test-OrangeHRMTest-2] INFO  BaseClass - ActionDriver initialized for thread : 22
2025-01-30 14:48:49 [TestNG-test-OrangeHRMTest-3] INFO  BaseClass - ActionDriver initialized for thread : 23
2025-01-30 14:48:49 [TestNG-test-OrangeHRMTest-5] INFO  ActionDriver - entered text on element with name : username--> Admin
2025-01-30 14:48:49 [TestNG-test-OrangeHRMTest-3] INFO  ActionDriver - entered text on element with name : username--> Admin
2025-01-30 14:48:49 [TestNG-test-OrangeHRMTest-5] INFO  ActionDriver - entered text on element with name : password--> admin123
2025-01-30 14:48:50 [TestNG-test-OrangeHRMTest-3] INFO  ActionDriver - entered text on element with name : password--> admin1234
2025-01-30 14:48:50 [TestNG-test-OrangeHRMTest-5] INFO  ActionDriver -  Clicked an element-->element with text : Login
2025-01-30 14:48:50 [TestNG-test-OrangeHRMTest-4] INFO  BaseClass - EdgeDriver instance is created
2025-01-30 14:48:50 [TestNG-test-OrangeHRMTest-2] INFO  BaseClass - WebDriver instance is closed
2025-01-30 14:48:51 [TestNG-test-OrangeHRMTest-3] INFO  ActionDriver -  Clicked an element-->element with text : Login
2025-01-30 14:48:57 [TestNG-test-OrangeHRMTest-3] INFO  ActionDriver - Text are Matching : Invalid credentials equals Invalid credentials
2025-01-30 14:49:00 [TestNG-test-OrangeHRMTest-5] INFO  ActionDriver - Element is displayed: Unable to describe the element
2025-01-30 14:49:01 [TestNG-test-OrangeHRMTest-5] INFO  BaseClass - WebDriver instance is closed
2025-01-30 14:49:03 [TestNG-test-OrangeHRMTest-4] INFO  BaseClass - WebDriver initialized and Browser Maximized
2025-01-30 14:49:03 [TestNG-test-OrangeHRMTest-4] TRACE BaseClass - This is a trace Message
2025-01-30 14:49:03 [TestNG-test-OrangeHRMTest-4] DEBUG BaseClass - This is a debug message
2025-01-30 14:49:03 [TestNG-test-OrangeHRMTest-4] WARN  BaseClass - This is a warn meaage
2025-01-30 14:49:03 [TestNG-test-OrangeHRMTest-4] INFO  ActionDriver - WebDriver instance is associated to driver variable in ActionDriver class
2025-01-30 14:49:03 [TestNG-test-OrangeHRMTest-4] INFO  BaseClass - ActionDriver initialized for thread : 24
2025-01-30 14:49:03 [TestNG-test-OrangeHRMTest-4] INFO  ActionDriver - entered text on element with name : username--> Admin
2025-01-30 14:49:03 [TestNG-test-OrangeHRMTest-4] INFO  ActionDriver - entered text on element with name : password--> admin123
2025-01-30 14:49:04 [TestNG-test-OrangeHRMTest-3] INFO  BaseClass - WebDriver instance is closed
2025-01-30 14:49:05 [TestNG-test-OrangeHRMTest-4] INFO  ActionDriver -  Clicked an element-->element with text : Login
2025-01-30 14:49:05 [TestNG-test-OrangeHRMTest-4] INFO  ActionDriver - Element is displayed: element with text : Admin
2025-01-30 14:49:05 [TestNG-test-OrangeHRMTest-4] INFO  ActionDriver -  Clicked an element-->element with text : Moshe Levi
2025-01-30 14:49:07 [TestNG-test-OrangeHRMTest-4] INFO  ActionDriver -  Clicked an element-->Element with placeholder : oxd-userdropdown-link
2025-01-30 14:49:13 [TestNG-test-OrangeHRMTest-4] INFO  BaseClass - WebDriver instance is closed
2025-01-30 18:10:15 [main] INFO  BaseClass - config.properties file is loaded
2025-01-30 18:10:19 [main] INFO  BaseClass - ChromeDriver instance is created
2025-01-30 18:10:33 [main] INFO  BaseClass - WebDriver initialized and Browser Maximized
2025-01-30 18:10:33 [main] TRACE BaseClass - This is a trace Message
2025-01-30 18:10:33 [main] DEBUG BaseClass - This is a debug message
2025-01-30 18:10:33 [main] WARN  BaseClass - This is a warn meaage
2025-01-30 18:10:33 [main] INFO  ActionDriver - WebDriver instance is associated to driver variable in ActionDriver class
2025-01-30 18:10:33 [main] INFO  BaseClass - ActionDriver initialized for thread : 1
2025-01-30 18:10:34 [main] INFO  BaseClass - WebDriver instance is closed
2025-01-30 18:10:47 [main] INFO  BaseClass - config.properties file is loaded
2025-01-30 18:10:53 [TestNG-test-OrangeHRMTest-2] INFO  BaseClass - ChromeDriver instance is created
2025-01-30 18:10:53 [TestNG-test-OrangeHRMTest-1] INFO  BaseClass - ChromeDriver instance is created
2025-01-30 18:10:53 [TestNG-test-OrangeHRMTest-3] INFO  BaseClass - ChromeDriver instance is created
2025-01-30 18:10:53 [TestNG-test-OrangeHRMTest-5] INFO  BaseClass - ChromeDriver instance is created
2025-01-30 18:11:06 [TestNG-test-OrangeHRMTest-1] INFO  BaseClass - WebDriver initialized and Browser Maximized
2025-01-30 18:11:06 [TestNG-test-OrangeHRMTest-1] TRACE BaseClass - This is a trace Message
2025-01-30 18:11:06 [TestNG-test-OrangeHRMTest-1] DEBUG BaseClass - This is a debug message
2025-01-30 18:11:06 [TestNG-test-OrangeHRMTest-1] WARN  BaseClass - This is a warn meaage
2025-01-30 18:11:06 [TestNG-test-OrangeHRMTest-1] INFO  ActionDriver - WebDriver instance is associated to driver variable in ActionDriver class
2025-01-30 18:11:06 [TestNG-test-OrangeHRMTest-1] INFO  BaseClass - ActionDriver initialized for thread : 21
2025-01-30 18:11:07 [TestNG-test-OrangeHRMTest-1] INFO  BaseClass - WebDriver instance is closed
2025-01-30 18:11:08 [TestNG-test-OrangeHRMTest-2] INFO  BaseClass - WebDriver initialized and Browser Maximized
2025-01-30 18:11:08 [TestNG-test-OrangeHRMTest-2] TRACE BaseClass - This is a trace Message
2025-01-30 18:11:08 [TestNG-test-OrangeHRMTest-2] DEBUG BaseClass - This is a debug message
2025-01-30 18:11:08 [TestNG-test-OrangeHRMTest-2] WARN  BaseClass - This is a warn meaage
2025-01-30 18:11:08 [TestNG-test-OrangeHRMTest-2] INFO  ActionDriver - WebDriver instance is associated to driver variable in ActionDriver class
2025-01-30 18:11:08 [TestNG-test-OrangeHRMTest-2] INFO  BaseClass - ActionDriver initialized for thread : 22
2025-01-30 18:11:08 [TestNG-test-OrangeHRMTest-2] INFO  BaseClass - WebDriver instance is closed
2025-01-30 18:11:09 [TestNG-test-OrangeHRMTest-3] INFO  BaseClass - WebDriver initialized and Browser Maximized
2025-01-30 18:11:09 [TestNG-test-OrangeHRMTest-3] TRACE BaseClass - This is a trace Message
2025-01-30 18:11:09 [TestNG-test-OrangeHRMTest-3] DEBUG BaseClass - This is a debug message
2025-01-30 18:11:09 [TestNG-test-OrangeHRMTest-3] WARN  BaseClass - This is a warn meaage
2025-01-30 18:11:09 [TestNG-test-OrangeHRMTest-3] INFO  ActionDriver - WebDriver instance is associated to driver variable in ActionDriver class
2025-01-30 18:11:09 [TestNG-test-OrangeHRMTest-3] INFO  BaseClass - ActionDriver initialized for thread : 23
2025-01-30 18:11:09 [TestNG-test-OrangeHRMTest-5] INFO  BaseClass - WebDriver initialized and Browser Maximized
2025-01-30 18:11:09 [TestNG-test-OrangeHRMTest-5] TRACE BaseClass - This is a trace Message
2025-01-30 18:11:09 [TestNG-test-OrangeHRMTest-5] DEBUG BaseClass - This is a debug message
2025-01-30 18:11:09 [TestNG-test-OrangeHRMTest-5] WARN  BaseClass - This is a warn meaage
2025-01-30 18:11:09 [TestNG-test-OrangeHRMTest-5] INFO  ActionDriver - WebDriver instance is associated to driver variable in ActionDriver class
2025-01-30 18:11:09 [TestNG-test-OrangeHRMTest-5] INFO  BaseClass - ActionDriver initialized for thread : 25
2025-01-30 18:11:10 [TestNG-test-OrangeHRMTest-5] INFO  ActionDriver - entered text on element with name : username--> Admin
2025-01-30 18:11:10 [TestNG-test-OrangeHRMTest-3] INFO  ActionDriver - entered text on element with name : username--> Admin
2025-01-30 18:11:11 [TestNG-test-OrangeHRMTest-5] INFO  ActionDriver - entered text on element with name : password--> admin123
2025-01-30 18:11:11 [TestNG-test-OrangeHRMTest-3] INFO  ActionDriver - entered text on element with name : password--> admin1234
2025-01-30 18:11:13 [TestNG-test-OrangeHRMTest-4] INFO  BaseClass - ChromeDriver instance is created
2025-01-30 18:11:14 [TestNG-test-OrangeHRMTest-5] INFO  ActionDriver -  Clicked an element-->element with text : Login
2025-01-30 18:11:14 [TestNG-test-OrangeHRMTest-3] INFO  ActionDriver -  Clicked an element-->element with text : Login
2025-01-30 18:11:19 [TestNG-test-OrangeHRMTest-3] INFO  ActionDriver - Text are Matching : Invalid credentials equals Invalid credentials
2025-01-30 18:11:24 [TestNG-test-OrangeHRMTest-5] INFO  ActionDriver - Element is displayed: Unable to describe the element
2025-01-30 18:11:24 [TestNG-test-OrangeHRMTest-5] INFO  BaseClass - WebDriver instance is closed
2025-01-30 18:11:27 [TestNG-test-OrangeHRMTest-4] INFO  BaseClass - WebDriver initialized and Browser Maximized
2025-01-30 18:11:27 [TestNG-test-OrangeHRMTest-4] TRACE BaseClass - This is a trace Message
2025-01-30 18:11:27 [TestNG-test-OrangeHRMTest-4] DEBUG BaseClass - This is a debug message
2025-01-30 18:11:27 [TestNG-test-OrangeHRMTest-4] WARN  BaseClass - This is a warn meaage
2025-01-30 18:11:27 [TestNG-test-OrangeHRMTest-4] INFO  ActionDriver - WebDriver instance is associated to driver variable in ActionDriver class
2025-01-30 18:11:27 [TestNG-test-OrangeHRMTest-4] INFO  BaseClass - ActionDriver initialized for thread : 24
2025-01-30 18:11:28 [TestNG-test-OrangeHRMTest-3] INFO  BaseClass - WebDriver instance is closed
2025-01-30 18:11:28 [TestNG-test-OrangeHRMTest-4] INFO  ActionDriver - entered text on element with name : username--> Admin
2025-01-30 18:11:28 [TestNG-test-OrangeHRMTest-4] INFO  ActionDriver - entered text on element with name : password--> admin123
2025-01-30 18:11:30 [TestNG-test-OrangeHRMTest-4] INFO  ActionDriver -  Clicked an element-->element with text : Login
2025-01-30 18:11:30 [TestNG-test-OrangeHRMTest-4] INFO  ActionDriver - Element is displayed: element with text : Admin
2025-01-30 18:11:31 [TestNG-test-OrangeHRMTest-4] INFO  ActionDriver -  Clicked an element-->element with text : NtEjDwiqnQ user
2025-01-30 18:11:34 [TestNG-test-OrangeHRMTest-4] INFO  ActionDriver -  Clicked an element-->element with text : Logout
2025-01-30 18:11:39 [TestNG-test-OrangeHRMTest-4] INFO  BaseClass - WebDriver instance is closed
2025-01-31 22:04:58 [main] INFO  BaseClass - config.properties file is loaded
2025-01-31 22:05:09 [TestNG-test-OrangeHRMTest-2] INFO  BaseClass - ChromeDriver instance is created
2025-01-31 22:05:09 [TestNG-test-OrangeHRMTest-3] INFO  BaseClass - ChromeDriver instance is created
2025-01-31 22:05:09 [TestNG-test-OrangeHRMTest-4] INFO  BaseClass - ChromeDriver instance is created
2025-01-31 22:05:09 [TestNG-test-OrangeHRMTest-1] INFO  BaseClass - ChromeDriver instance is created
2025-01-31 22:05:25 [TestNG-test-OrangeHRMTest-3] INFO  BaseClass - WebDriver initialized and Browser Maximized
2025-01-31 22:05:25 [TestNG-test-OrangeHRMTest-3] TRACE BaseClass - This is a trace Message
2025-01-31 22:05:25 [TestNG-test-OrangeHRMTest-3] DEBUG BaseClass - This is a debug message
2025-01-31 22:05:25 [TestNG-test-OrangeHRMTest-3] WARN  BaseClass - This is a warn meaage
2025-01-31 22:05:25 [TestNG-test-OrangeHRMTest-3] INFO  ActionDriver - WebDriver instance is associated to driver variable in ActionDriver class
2025-01-31 22:05:25 [TestNG-test-OrangeHRMTest-3] INFO  BaseClass - ActionDriver initialized for thread : 23
2025-01-31 22:05:25 [TestNG-test-OrangeHRMTest-1] INFO  BaseClass - WebDriver initialized and Browser Maximized
2025-01-31 22:05:25 [TestNG-test-OrangeHRMTest-1] TRACE BaseClass - This is a trace Message
2025-01-31 22:05:25 [TestNG-test-OrangeHRMTest-1] DEBUG BaseClass - This is a debug message
2025-01-31 22:05:25 [TestNG-test-OrangeHRMTest-1] WARN  BaseClass - This is a warn meaage
2025-01-31 22:05:25 [TestNG-test-OrangeHRMTest-1] INFO  ActionDriver - WebDriver instance is associated to driver variable in ActionDriver class
2025-01-31 22:05:25 [TestNG-test-OrangeHRMTest-1] INFO  BaseClass - ActionDriver initialized for thread : 21
2025-01-31 22:05:25 [TestNG-test-OrangeHRMTest-2] INFO  BaseClass - WebDriver initialized and Browser Maximized
2025-01-31 22:05:25 [TestNG-test-OrangeHRMTest-2] TRACE BaseClass - This is a trace Message
2025-01-31 22:05:25 [TestNG-test-OrangeHRMTest-2] DEBUG BaseClass - This is a debug message
2025-01-31 22:05:25 [TestNG-test-OrangeHRMTest-2] WARN  BaseClass - This is a warn meaage
2025-01-31 22:05:25 [TestNG-test-OrangeHRMTest-2] INFO  ActionDriver - WebDriver instance is associated to driver variable in ActionDriver class
2025-01-31 22:05:25 [TestNG-test-OrangeHRMTest-2] INFO  BaseClass - ActionDriver initialized for thread : 22
2025-01-31 22:05:25 [TestNG-test-OrangeHRMTest-4] INFO  BaseClass - WebDriver initialized and Browser Maximized
2025-01-31 22:05:25 [TestNG-test-OrangeHRMTest-4] TRACE BaseClass - This is a trace Message
2025-01-31 22:05:25 [TestNG-test-OrangeHRMTest-4] DEBUG BaseClass - This is a debug message
2025-01-31 22:05:25 [TestNG-test-OrangeHRMTest-4] WARN  BaseClass - This is a warn meaage
2025-01-31 22:05:25 [TestNG-test-OrangeHRMTest-4] INFO  ActionDriver - WebDriver instance is associated to driver variable in ActionDriver class
2025-01-31 22:05:25 [TestNG-test-OrangeHRMTest-4] INFO  BaseClass - ActionDriver initialized for thread : 24
2025-01-31 22:05:26 [TestNG-test-OrangeHRMTest-3] INFO  ActionDriver - entered text on element with name : username--> Admin
2025-01-31 22:05:26 [TestNG-test-OrangeHRMTest-1] INFO  BaseClass - WebDriver instance is closed
2025-01-31 22:05:26 [TestNG-test-OrangeHRMTest-4] INFO  ActionDriver - entered text on element with name : username--> Admin
2025-01-31 22:05:26 [TestNG-test-OrangeHRMTest-2] INFO  BaseClass - WebDriver instance is closed
2025-01-31 22:05:26 [TestNG-test-OrangeHRMTest-3] INFO  ActionDriver - entered text on element with name : password--> admin1234
2025-01-31 22:05:27 [TestNG-test-OrangeHRMTest-4] INFO  ActionDriver - entered text on element with name : password--> admin123
2025-01-31 22:05:27 [TestNG-test-OrangeHRMTest-3] INFO  ActionDriver -  Clicked an element-->element with text : Login
2025-01-31 22:05:27 [TestNG-test-OrangeHRMTest-4] INFO  ActionDriver -  Clicked an element-->element with text : Login
2025-01-31 22:05:32 [TestNG-test-OrangeHRMTest-3] INFO  ActionDriver - Text are Matching : Invalid credentials equals Invalid credentials
2025-01-31 22:05:32 [TestNG-test-OrangeHRMTest-3] INFO  BaseClass - WebDriver instance is closed
2025-01-31 22:05:34 [TestNG-test-OrangeHRMTest-3] INFO  BaseClass - ChromeDriver instance is created
2025-01-31 22:05:37 [TestNG-test-OrangeHRMTest-4] INFO  ActionDriver - Element is displayed: Unable to describe the element
2025-01-31 22:05:38 [TestNG-test-OrangeHRMTest-4] INFO  BaseClass - WebDriver instance is closed
2025-01-31 22:05:48 [TestNG-test-OrangeHRMTest-3] INFO  BaseClass - WebDriver initialized and Browser Maximized
2025-01-31 22:05:48 [TestNG-test-OrangeHRMTest-3] TRACE BaseClass - This is a trace Message
2025-01-31 22:05:48 [TestNG-test-OrangeHRMTest-3] DEBUG BaseClass - This is a debug message
2025-01-31 22:05:48 [TestNG-test-OrangeHRMTest-3] WARN  BaseClass - This is a warn meaage
2025-01-31 22:05:48 [TestNG-test-OrangeHRMTest-3] INFO  ActionDriver - WebDriver instance is associated to driver variable in ActionDriver class
2025-01-31 22:05:48 [TestNG-test-OrangeHRMTest-3] INFO  BaseClass - ActionDriver initialized for thread : 23
2025-01-31 22:05:48 [TestNG-test-OrangeHRMTest-3] INFO  ActionDriver - entered text on element with name : username--> Admin
2025-01-31 22:05:49 [TestNG-test-OrangeHRMTest-3] INFO  ActionDriver - entered text on element with name : password--> admin123
2025-01-31 22:05:51 [TestNG-test-OrangeHRMTest-3] INFO  ActionDriver -  Clicked an element-->element with text : Login
2025-01-31 22:05:51 [TestNG-test-OrangeHRMTest-3] INFO  ActionDriver - Element is displayed: element with text : Admin
2025-01-31 22:05:52 [TestNG-test-OrangeHRMTest-3] INFO  ActionDriver -  Clicked an element-->element with text : manda userDesai
2025-01-31 22:05:53 [TestNG-test-OrangeHRMTest-3] INFO  ActionDriver -  Clicked an element-->element with text : Logout
2025-01-31 22:05:58 [TestNG-test-OrangeHRMTest-3] INFO  BaseClass - WebDriver instance is closed
2025-01-31 22:20:46 [main] INFO  BaseClass - config.properties file is loaded
2025-01-31 22:20:52 [TestNG-test-OrangeHRMTest-1] INFO  BaseClass - ChromeDriver instance is created
2025-01-31 22:20:52 [TestNG-test-OrangeHRMTest-4] INFO  BaseClass - ChromeDriver instance is created
2025-01-31 22:20:52 [TestNG-test-OrangeHRMTest-3] INFO  BaseClass - ChromeDriver instance is created
2025-01-31 22:20:52 [TestNG-test-OrangeHRMTest-2] INFO  BaseClass - ChromeDriver instance is created
2025-01-31 22:21:07 [TestNG-test-OrangeHRMTest-3] INFO  BaseClass - WebDriver initialized and Browser Maximized
2025-01-31 22:21:07 [TestNG-test-OrangeHRMTest-3] TRACE BaseClass - This is a trace Message
2025-01-31 22:21:07 [TestNG-test-OrangeHRMTest-3] DEBUG BaseClass - This is a debug message
2025-01-31 22:21:07 [TestNG-test-OrangeHRMTest-3] WARN  BaseClass - This is a warn meaage
2025-01-31 22:21:07 [TestNG-test-OrangeHRMTest-1] INFO  BaseClass - WebDriver initialized and Browser Maximized
2025-01-31 22:21:07 [TestNG-test-OrangeHRMTest-1] TRACE BaseClass - This is a trace Message
2025-01-31 22:21:07 [TestNG-test-OrangeHRMTest-1] DEBUG BaseClass - This is a debug message
2025-01-31 22:21:07 [TestNG-test-OrangeHRMTest-1] WARN  BaseClass - This is a warn meaage
2025-01-31 22:21:07 [TestNG-test-OrangeHRMTest-1] INFO  ActionDriver - WebDriver instance is associated to driver variable in ActionDriver class
2025-01-31 22:21:07 [TestNG-test-OrangeHRMTest-3] INFO  ActionDriver - WebDriver instance is associated to driver variable in ActionDriver class
2025-01-31 22:21:07 [TestNG-test-OrangeHRMTest-1] INFO  BaseClass - ActionDriver initialized for thread : 23
2025-01-31 22:21:07 [TestNG-test-OrangeHRMTest-3] INFO  BaseClass - ActionDriver initialized for thread : 25
2025-01-31 22:21:07 [TestNG-test-OrangeHRMTest-4] INFO  BaseClass - WebDriver initialized and Browser Maximized
2025-01-31 22:21:07 [TestNG-test-OrangeHRMTest-4] TRACE BaseClass - This is a trace Message
2025-01-31 22:21:07 [TestNG-test-OrangeHRMTest-4] DEBUG BaseClass - This is a debug message
2025-01-31 22:21:07 [TestNG-test-OrangeHRMTest-4] WARN  BaseClass - This is a warn meaage
2025-01-31 22:21:07 [TestNG-test-OrangeHRMTest-4] INFO  ActionDriver - WebDriver instance is associated to driver variable in ActionDriver class
2025-01-31 22:21:07 [TestNG-test-OrangeHRMTest-4] INFO  BaseClass - ActionDriver initialized for thread : 26
2025-01-31 22:21:08 [TestNG-test-OrangeHRMTest-2] INFO  BaseClass - WebDriver initialized and Browser Maximized
2025-01-31 22:21:08 [TestNG-test-OrangeHRMTest-2] TRACE BaseClass - This is a trace Message
2025-01-31 22:21:08 [TestNG-test-OrangeHRMTest-2] DEBUG BaseClass - This is a debug message
2025-01-31 22:21:08 [TestNG-test-OrangeHRMTest-2] WARN  BaseClass - This is a warn meaage
2025-01-31 22:21:08 [TestNG-test-OrangeHRMTest-2] INFO  ActionDriver - WebDriver instance is associated to driver variable in ActionDriver class
2025-01-31 22:21:08 [TestNG-test-OrangeHRMTest-2] INFO  BaseClass - ActionDriver initialized for thread : 24
2025-01-31 22:21:08 [TestNG-test-OrangeHRMTest-4] INFO  ActionDriver - entered text on element with name : username--> Admin
2025-01-31 22:21:08 [TestNG-test-OrangeHRMTest-3] INFO  ActionDriver - entered text on element with name : username--> Admin
2025-01-31 22:21:08 [TestNG-test-OrangeHRMTest-1] INFO  BaseClass - WebDriver instance is closed
2025-01-31 22:21:09 [TestNG-test-OrangeHRMTest-2] INFO  BaseClass - WebDriver instance is closed
2025-01-31 22:21:09 [TestNG-test-OrangeHRMTest-4] INFO  ActionDriver - entered text on element with name : password--> admin123
2025-01-31 22:21:09 [TestNG-test-OrangeHRMTest-3] INFO  ActionDriver - entered text on element with name : password--> admin1234
2025-01-31 22:21:11 [TestNG-test-OrangeHRMTest-4] INFO  ActionDriver -  Clicked an element-->element with text : Login
2025-01-31 22:21:11 [TestNG-test-OrangeHRMTest-3] INFO  ActionDriver -  Clicked an element-->element with text : Login
2025-01-31 22:21:16 [TestNG-test-OrangeHRMTest-3] INFO  ActionDriver - Text are Matching : Invalid credentials equals Invalid credentials
2025-01-31 22:21:17 [TestNG-test-OrangeHRMTest-3] INFO  BaseClass - WebDriver instance is closed
2025-01-31 22:21:18 [TestNG-test-OrangeHRMTest-3] INFO  BaseClass - ChromeDriver instance is created
2025-01-31 22:21:21 [TestNG-test-OrangeHRMTest-4] INFO  ActionDriver - Element is displayed: Unable to describe the element
2025-01-31 22:21:22 [TestNG-test-OrangeHRMTest-4] INFO  BaseClass - WebDriver instance is closed
2025-01-31 22:21:32 [TestNG-test-OrangeHRMTest-3] INFO  BaseClass - WebDriver initialized and Browser Maximized
2025-01-31 22:21:32 [TestNG-test-OrangeHRMTest-3] TRACE BaseClass - This is a trace Message
2025-01-31 22:21:32 [TestNG-test-OrangeHRMTest-3] DEBUG BaseClass - This is a debug message
2025-01-31 22:21:32 [TestNG-test-OrangeHRMTest-3] WARN  BaseClass - This is a warn meaage
2025-01-31 22:21:32 [TestNG-test-OrangeHRMTest-3] INFO  ActionDriver - WebDriver instance is associated to driver variable in ActionDriver class
2025-01-31 22:21:32 [TestNG-test-OrangeHRMTest-3] INFO  BaseClass - ActionDriver initialized for thread : 25
2025-01-31 22:21:33 [TestNG-test-OrangeHRMTest-3] INFO  ActionDriver - entered text on element with name : username--> Admin
2025-01-31 22:21:33 [TestNG-test-OrangeHRMTest-3] INFO  ActionDriver - entered text on element with name : password--> admin123
2025-01-31 22:21:33 [TestNG-test-OrangeHRMTest-3] INFO  ActionDriver -  Clicked an element-->element with text : Login
2025-01-31 22:21:35 [TestNG-test-OrangeHRMTest-3] INFO  ActionDriver - Element is displayed: element with text : Admin
2025-01-31 22:21:36 [TestNG-test-OrangeHRMTest-3] INFO  ActionDriver -  Clicked an element-->element with text : mandaAnu userDesaiDesaiDesaishushushu
2025-01-31 22:21:38 [TestNG-test-OrangeHRMTest-3] INFO  ActionDriver -  Clicked an element-->element with text : Logout
2025-01-31 22:21:43 [TestNG-test-OrangeHRMTest-3] INFO  BaseClass - WebDriver instance is closed
2025-01-31 22:30:16 [main] INFO  BaseClass - config.properties file is loaded
2025-01-31 22:30:22 [TestNG-test-OrangeHRMTest-3] INFO  BaseClass - ChromeDriver instance is created
2025-01-31 22:30:22 [TestNG-test-OrangeHRMTest-1] INFO  BaseClass - ChromeDriver instance is created
2025-01-31 22:30:22 [TestNG-test-OrangeHRMTest-2] INFO  BaseClass - ChromeDriver instance is created
2025-01-31 22:30:23 [TestNG-test-OrangeHRMTest-4] INFO  BaseClass - ChromeDriver instance is created
2025-01-31 22:30:34 [TestNG-test-OrangeHRMTest-1] INFO  BaseClass - WebDriver initialized and Browser Maximized
2025-01-31 22:30:34 [TestNG-test-OrangeHRMTest-1] TRACE BaseClass - This is a trace Message
2025-01-31 22:30:34 [TestNG-test-OrangeHRMTest-1] DEBUG BaseClass - This is a debug message
2025-01-31 22:30:34 [TestNG-test-OrangeHRMTest-1] WARN  BaseClass - This is a warn meaage
2025-01-31 22:30:34 [TestNG-test-OrangeHRMTest-1] INFO  ActionDriver - WebDriver instance is associated to driver variable in ActionDriver class
2025-01-31 22:30:34 [TestNG-test-OrangeHRMTest-1] INFO  BaseClass - ActionDriver initialized for thread : 24
2025-01-31 22:30:34 [TestNG-test-OrangeHRMTest-1] INFO  BaseClass - WebDriver instance is closed
2025-01-31 22:30:35 [TestNG-test-OrangeHRMTest-4] INFO  BaseClass - WebDriver initialized and Browser Maximized
2025-01-31 22:30:35 [TestNG-test-OrangeHRMTest-4] TRACE BaseClass - This is a trace Message
2025-01-31 22:30:35 [TestNG-test-OrangeHRMTest-4] DEBUG BaseClass - This is a debug message
2025-01-31 22:30:35 [TestNG-test-OrangeHRMTest-4] WARN  BaseClass - This is a warn meaage
2025-01-31 22:30:35 [TestNG-test-OrangeHRMTest-4] INFO  ActionDriver - WebDriver instance is associated to driver variable in ActionDriver class
2025-01-31 22:30:35 [TestNG-test-OrangeHRMTest-4] INFO  BaseClass - ActionDriver initialized for thread : 27
2025-01-31 22:30:36 [TestNG-test-OrangeHRMTest-4] INFO  ActionDriver - entered text on element with name : username--> Admin
2025-01-31 22:30:36 [TestNG-test-OrangeHRMTest-4] INFO  ActionDriver - entered text on element with name : password--> admin123
2025-01-31 22:30:37 [TestNG-test-OrangeHRMTest-2] INFO  BaseClass - WebDriver initialized and Browser Maximized
2025-01-31 22:30:37 [TestNG-test-OrangeHRMTest-2] TRACE BaseClass - This is a trace Message
2025-01-31 22:30:37 [TestNG-test-OrangeHRMTest-2] DEBUG BaseClass - This is a debug message
2025-01-31 22:30:37 [TestNG-test-OrangeHRMTest-2] WARN  BaseClass - This is a warn meaage
2025-01-31 22:30:37 [TestNG-test-OrangeHRMTest-2] INFO  ActionDriver - WebDriver instance is associated to driver variable in ActionDriver class
2025-01-31 22:30:37 [TestNG-test-OrangeHRMTest-2] INFO  BaseClass - ActionDriver initialized for thread : 25
2025-01-31 22:30:37 [TestNG-test-OrangeHRMTest-3] INFO  BaseClass - WebDriver initialized and Browser Maximized
2025-01-31 22:30:37 [TestNG-test-OrangeHRMTest-3] TRACE BaseClass - This is a trace Message
2025-01-31 22:30:37 [TestNG-test-OrangeHRMTest-3] DEBUG BaseClass - This is a debug message
2025-01-31 22:30:37 [TestNG-test-OrangeHRMTest-3] WARN  BaseClass - This is a warn meaage
2025-01-31 22:30:37 [TestNG-test-OrangeHRMTest-3] INFO  ActionDriver - WebDriver instance is associated to driver variable in ActionDriver class
2025-01-31 22:30:37 [TestNG-test-OrangeHRMTest-3] INFO  BaseClass - ActionDriver initialized for thread : 26
2025-01-31 22:30:38 [TestNG-test-OrangeHRMTest-3] INFO  ActionDriver - entered text on element with name : username--> Admin
2025-01-31 22:30:38 [TestNG-test-OrangeHRMTest-4] INFO  ActionDriver -  Clicked an element-->element with text : Login
2025-01-31 22:30:39 [TestNG-test-OrangeHRMTest-3] INFO  ActionDriver - entered text on element with name : password--> admin123
2025-01-31 22:30:39 [TestNG-test-OrangeHRMTest-3] INFO  ActionDriver -  Clicked an element-->element with text : Login
2025-01-31 22:30:39 [TestNG-test-OrangeHRMTest-2] INFO  BaseClass - WebDriver instance is closed
2025-01-31 22:30:49 [TestNG-test-OrangeHRMTest-4] INFO  ActionDriver - Element is displayed: Unable to describe the element
2025-01-31 22:30:49 [TestNG-test-OrangeHRMTest-4] INFO  BaseClass - WebDriver instance is closed
2025-01-31 22:31:26 [TestNG-test-OrangeHRMTest-3] INFO  BaseClass - WebDriver instance is closed
2025-01-31 22:31:28 [TestNG-test-OrangeHRMTest-3] INFO  BaseClass - ChromeDriver instance is created
2025-01-31 22:31:41 [TestNG-test-OrangeHRMTest-3] INFO  BaseClass - WebDriver initialized and Browser Maximized
2025-01-31 22:31:41 [TestNG-test-OrangeHRMTest-3] TRACE BaseClass - This is a trace Message
2025-01-31 22:31:41 [TestNG-test-OrangeHRMTest-3] DEBUG BaseClass - This is a debug message
2025-01-31 22:31:41 [TestNG-test-OrangeHRMTest-3] WARN  BaseClass - This is a warn meaage
2025-01-31 22:31:41 [TestNG-test-OrangeHRMTest-3] INFO  ActionDriver - WebDriver instance is associated to driver variable in ActionDriver class
2025-01-31 22:31:41 [TestNG-test-OrangeHRMTest-3] INFO  BaseClass - ActionDriver initialized for thread : 26
2025-01-31 22:31:42 [TestNG-test-OrangeHRMTest-3] INFO  ActionDriver - entered text on element with name : username--> Admin
2025-01-31 22:31:42 [TestNG-test-OrangeHRMTest-3] INFO  ActionDriver - entered text on element with name : password--> admin123
2025-01-31 22:31:44 [TestNG-test-OrangeHRMTest-3] INFO  ActionDriver -  Clicked an element-->element with text : Login
2025-01-31 22:31:45 [TestNG-test-OrangeHRMTest-3] INFO  ActionDriver - Element is displayed: element with text : Admin
2025-01-31 22:31:46 [TestNG-test-OrangeHRMTest-3] INFO  ActionDriver -  Clicked an element-->element with text : mandaAnu userDesaiDesaiDesaishushushu
2025-01-31 22:31:47 [TestNG-test-OrangeHRMTest-3] INFO  ActionDriver -  Clicked an element-->element with text : Logout
2025-01-31 22:31:53 [TestNG-test-OrangeHRMTest-3] INFO  BaseClass - WebDriver instance is closed
2025-01-31 22:39:09 [main] INFO  BaseClass - config.properties file is loaded
2025-01-31 22:39:15 [TestNG-test-OrangeHRMTest-3] INFO  BaseClass - ChromeDriver instance is created
2025-01-31 22:39:15 [TestNG-test-OrangeHRMTest-1] INFO  BaseClass - ChromeDriver instance is created
2025-01-31 22:39:15 [TestNG-test-OrangeHRMTest-4] INFO  BaseClass - ChromeDriver instance is created
2025-01-31 22:39:16 [TestNG-test-OrangeHRMTest-2] INFO  BaseClass - ChromeDriver instance is created
2025-01-31 22:39:27 [TestNG-test-OrangeHRMTest-3] INFO  BaseClass - WebDriver initialized and Browser Maximized
2025-01-31 22:39:27 [TestNG-test-OrangeHRMTest-3] TRACE BaseClass - This is a trace Message
2025-01-31 22:39:27 [TestNG-test-OrangeHRMTest-3] DEBUG BaseClass - This is a debug message
2025-01-31 22:39:27 [TestNG-test-OrangeHRMTest-3] WARN  BaseClass - This is a warn meaage
2025-01-31 22:39:27 [TestNG-test-OrangeHRMTest-3] INFO  ActionDriver - WebDriver instance is associated to driver variable in ActionDriver class
2025-01-31 22:39:27 [TestNG-test-OrangeHRMTest-3] INFO  BaseClass - ActionDriver initialized for thread : 25
2025-01-31 22:39:28 [TestNG-test-OrangeHRMTest-3] INFO  ActionDriver - entered text on element with name : username--> Admin
2025-01-31 22:39:29 [TestNG-test-OrangeHRMTest-3] INFO  ActionDriver - entered text on element with name : password--> admin123
2025-01-31 22:39:30 [TestNG-test-OrangeHRMTest-1] INFO  BaseClass - WebDriver initialized and Browser Maximized
2025-01-31 22:39:30 [TestNG-test-OrangeHRMTest-1] TRACE BaseClass - This is a trace Message
2025-01-31 22:39:30 [TestNG-test-OrangeHRMTest-1] DEBUG BaseClass - This is a debug message
2025-01-31 22:39:30 [TestNG-test-OrangeHRMTest-1] WARN  BaseClass - This is a warn meaage
2025-01-31 22:39:30 [TestNG-test-OrangeHRMTest-1] INFO  ActionDriver - WebDriver instance is associated to driver variable in ActionDriver class
2025-01-31 22:39:30 [TestNG-test-OrangeHRMTest-1] INFO  BaseClass - ActionDriver initialized for thread : 23
2025-01-31 22:39:30 [TestNG-test-OrangeHRMTest-3] INFO  ActionDriver -  Clicked an element-->element with text : Login
2025-01-31 22:39:30 [TestNG-test-OrangeHRMTest-4] INFO  BaseClass - WebDriver initialized and Browser Maximized
2025-01-31 22:39:30 [TestNG-test-OrangeHRMTest-2] INFO  BaseClass - WebDriver initialized and Browser Maximized
2025-01-31 22:39:30 [TestNG-test-OrangeHRMTest-4] TRACE BaseClass - This is a trace Message
2025-01-31 22:39:30 [TestNG-test-OrangeHRMTest-2] TRACE BaseClass - This is a trace Message
2025-01-31 22:39:30 [TestNG-test-OrangeHRMTest-4] DEBUG BaseClass - This is a debug message
2025-01-31 22:39:30 [TestNG-test-OrangeHRMTest-2] DEBUG BaseClass - This is a debug message
2025-01-31 22:39:30 [TestNG-test-OrangeHRMTest-2] WARN  BaseClass - This is a warn meaage
2025-01-31 22:39:30 [TestNG-test-OrangeHRMTest-4] WARN  BaseClass - This is a warn meaage
2025-01-31 22:39:30 [TestNG-test-OrangeHRMTest-2] INFO  ActionDriver - WebDriver instance is associated to driver variable in ActionDriver class
2025-01-31 22:39:30 [TestNG-test-OrangeHRMTest-4] INFO  ActionDriver - WebDriver instance is associated to driver variable in ActionDriver class
2025-01-31 22:39:30 [TestNG-test-OrangeHRMTest-2] INFO  BaseClass - ActionDriver initialized for thread : 24
2025-01-31 22:39:30 [TestNG-test-OrangeHRMTest-4] INFO  BaseClass - ActionDriver initialized for thread : 26
2025-01-31 22:39:31 [TestNG-test-OrangeHRMTest-1] INFO  BaseClass - WebDriver instance is closed
2025-01-31 22:39:31 [TestNG-test-OrangeHRMTest-4] INFO  ActionDriver - entered text on element with name : username--> Admin
2025-01-31 22:39:32 [TestNG-test-OrangeHRMTest-2] INFO  BaseClass - WebDriver instance is closed
2025-01-31 22:39:32 [TestNG-test-OrangeHRMTest-4] INFO  ActionDriver - entered text on element with name : password--> admin123
2025-01-31 22:39:33 [TestNG-test-OrangeHRMTest-4] INFO  ActionDriver -  Clicked an element-->element with text : Login
2025-01-31 22:39:43 [TestNG-test-OrangeHRMTest-4] INFO  ActionDriver - Element is displayed: Unable to describe the element
2025-01-31 22:39:44 [TestNG-test-OrangeHRMTest-4] INFO  BaseClass - WebDriver instance is closed
2025-01-31 22:40:17 [TestNG-test-OrangeHRMTest-3] INFO  BaseClass - WebDriver instance is closed
2025-01-31 22:40:19 [TestNG-test-OrangeHRMTest-3] INFO  BaseClass - ChromeDriver instance is created
2025-01-31 22:40:33 [TestNG-test-OrangeHRMTest-3] INFO  BaseClass - WebDriver initialized and Browser Maximized
2025-01-31 22:40:33 [TestNG-test-OrangeHRMTest-3] TRACE BaseClass - This is a trace Message
2025-01-31 22:40:33 [TestNG-test-OrangeHRMTest-3] DEBUG BaseClass - This is a debug message
2025-01-31 22:40:33 [TestNG-test-OrangeHRMTest-3] WARN  BaseClass - This is a warn meaage
2025-01-31 22:40:33 [TestNG-test-OrangeHRMTest-3] INFO  ActionDriver - WebDriver instance is associated to driver variable in ActionDriver class
2025-01-31 22:40:33 [TestNG-test-OrangeHRMTest-3] INFO  BaseClass - ActionDriver initialized for thread : 25
2025-01-31 22:40:33 [TestNG-test-OrangeHRMTest-3] INFO  ActionDriver - entered text on element with name : username--> Admin
2025-01-31 22:40:34 [TestNG-test-OrangeHRMTest-3] INFO  ActionDriver - entered text on element with name : password--> admin123
2025-01-31 22:40:36 [TestNG-test-OrangeHRMTest-3] INFO  ActionDriver -  Clicked an element-->element with text : Login
2025-01-31 22:40:36 [TestNG-test-OrangeHRMTest-3] INFO  ActionDriver - Element is displayed: element with text : Admin
2025-01-31 22:40:37 [TestNG-test-OrangeHRMTest-3] INFO  ActionDriver -  Clicked an element-->element with text : mandaAnu userDesaiDesaiDesaishushushu
2025-01-31 22:40:38 [TestNG-test-OrangeHRMTest-3] INFO  ActionDriver -  Clicked an element-->element with text : Logout
2025-01-31 22:40:44 [TestNG-test-OrangeHRMTest-3] INFO  BaseClass - WebDriver instance is closed
2025-02-01 09:11:26 [main] INFO  BaseClass - config.properties file is loaded
2025-02-01 09:11:38 [TestNG-test-OrangeHRMTest-1] INFO  BaseClass - ChromeDriver instance is created
2025-02-01 09:11:38 [TestNG-test-OrangeHRMTest-4] INFO  BaseClass - ChromeDriver instance is created
2025-02-01 09:11:38 [TestNG-test-OrangeHRMTest-3] INFO  BaseClass - ChromeDriver instance is created
2025-02-01 09:11:38 [TestNG-test-OrangeHRMTest-2] INFO  BaseClass - ChromeDriver instance is created
2025-02-01 09:11:50 [TestNG-test-OrangeHRMTest-3] INFO  BaseClass - WebDriver initialized and Browser Maximized
2025-02-01 09:11:51 [TestNG-test-OrangeHRMTest-3] TRACE BaseClass - This is a trace Message
2025-02-01 09:11:51 [TestNG-test-OrangeHRMTest-3] DEBUG BaseClass - This is a debug message
2025-02-01 09:11:51 [TestNG-test-OrangeHRMTest-3] WARN  BaseClass - This is a warn meaage
2025-02-01 09:11:51 [TestNG-test-OrangeHRMTest-3] INFO  ActionDriver - WebDriver instance is associated to driver variable in ActionDriver class
2025-02-01 09:11:51 [TestNG-test-OrangeHRMTest-3] INFO  BaseClass - ActionDriver initialized for thread : 25
2025-02-01 09:11:51 [TestNG-test-OrangeHRMTest-3] INFO  ActionDriver - entered text on element with name : username--> Admin
2025-02-01 09:11:52 [TestNG-test-OrangeHRMTest-3] INFO  ActionDriver - entered text on element with name : password--> admin123
2025-02-01 09:11:52 [TestNG-test-OrangeHRMTest-3] INFO  ActionDriver -  Clicked an element-->element with text : Login
2025-02-01 09:11:54 [TestNG-test-OrangeHRMTest-2] INFO  BaseClass - WebDriver initialized and Browser Maximized
2025-02-01 09:11:54 [TestNG-test-OrangeHRMTest-2] TRACE BaseClass - This is a trace Message
2025-02-01 09:11:54 [TestNG-test-OrangeHRMTest-2] DEBUG BaseClass - This is a debug message
2025-02-01 09:11:54 [TestNG-test-OrangeHRMTest-2] WARN  BaseClass - This is a warn meaage
2025-02-01 09:11:54 [TestNG-test-OrangeHRMTest-2] INFO  ActionDriver - WebDriver instance is associated to driver variable in ActionDriver class
2025-02-01 09:11:54 [TestNG-test-OrangeHRMTest-2] INFO  BaseClass - ActionDriver initialized for thread : 24
2025-02-01 09:11:54 [TestNG-test-OrangeHRMTest-1] INFO  BaseClass - WebDriver initialized and Browser Maximized
2025-02-01 09:11:54 [TestNG-test-OrangeHRMTest-1] TRACE BaseClass - This is a trace Message
2025-02-01 09:11:54 [TestNG-test-OrangeHRMTest-1] DEBUG BaseClass - This is a debug message
2025-02-01 09:11:54 [TestNG-test-OrangeHRMTest-1] WARN  BaseClass - This is a warn meaage
2025-02-01 09:11:54 [TestNG-test-OrangeHRMTest-1] INFO  ActionDriver - WebDriver instance is associated to driver variable in ActionDriver class
2025-02-01 09:11:54 [TestNG-test-OrangeHRMTest-1] INFO  BaseClass - ActionDriver initialized for thread : 23
2025-02-01 09:11:54 [TestNG-test-OrangeHRMTest-4] INFO  BaseClass - WebDriver initialized and Browser Maximized
2025-02-01 09:11:54 [TestNG-test-OrangeHRMTest-4] TRACE BaseClass - This is a trace Message
2025-02-01 09:11:54 [TestNG-test-OrangeHRMTest-4] DEBUG BaseClass - This is a debug message
2025-02-01 09:11:54 [TestNG-test-OrangeHRMTest-4] WARN  BaseClass - This is a warn meaage
2025-02-01 09:11:54 [TestNG-test-OrangeHRMTest-4] INFO  ActionDriver - WebDriver instance is associated to driver variable in ActionDriver class
2025-02-01 09:11:54 [TestNG-test-OrangeHRMTest-4] INFO  BaseClass - ActionDriver initialized for thread : 26
2025-02-01 09:11:55 [TestNG-test-OrangeHRMTest-1] INFO  BaseClass - WebDriver instance is closed
2025-02-01 09:11:55 [TestNG-test-OrangeHRMTest-2] INFO  BaseClass - WebDriver instance is closed
2025-02-01 09:11:55 [TestNG-test-OrangeHRMTest-4] INFO  ActionDriver - entered text on element with name : username--> Admin
2025-02-01 09:11:56 [TestNG-test-OrangeHRMTest-4] INFO  ActionDriver - entered text on element with name : password--> admin123
2025-02-01 09:11:56 [TestNG-test-OrangeHRMTest-4] INFO  ActionDriver -  Clicked an element-->element with text : Login
2025-02-01 09:12:06 [TestNG-test-OrangeHRMTest-4] INFO  ActionDriver - Element is displayed: Unable to describe the element
2025-02-01 09:12:08 [TestNG-test-OrangeHRMTest-4] INFO  BaseClass - WebDriver instance is closed
2025-02-01 09:12:39 [TestNG-test-OrangeHRMTest-3] INFO  BaseClass - WebDriver instance is closed
2025-02-01 09:12:41 [TestNG-test-OrangeHRMTest-3] INFO  BaseClass - ChromeDriver instance is created
2025-02-01 09:12:55 [TestNG-test-OrangeHRMTest-3] INFO  BaseClass - WebDriver initialized and Browser Maximized
2025-02-01 09:12:55 [TestNG-test-OrangeHRMTest-3] TRACE BaseClass - This is a trace Message
2025-02-01 09:12:55 [TestNG-test-OrangeHRMTest-3] DEBUG BaseClass - This is a debug message
2025-02-01 09:12:55 [TestNG-test-OrangeHRMTest-3] WARN  BaseClass - This is a warn meaage
2025-02-01 09:12:55 [TestNG-test-OrangeHRMTest-3] INFO  ActionDriver - WebDriver instance is associated to driver variable in ActionDriver class
2025-02-01 09:12:55 [TestNG-test-OrangeHRMTest-3] INFO  BaseClass - ActionDriver initialized for thread : 25
2025-02-01 09:12:56 [TestNG-test-OrangeHRMTest-3] INFO  ActionDriver - entered text on element with name : username--> Admin
2025-02-01 09:12:56 [TestNG-test-OrangeHRMTest-3] INFO  ActionDriver - entered text on element with name : password--> admin123
2025-02-01 09:12:56 [TestNG-test-OrangeHRMTest-3] INFO  ActionDriver -  Clicked an element-->element with text : Login
2025-02-01 09:12:58 [TestNG-test-OrangeHRMTest-3] INFO  ActionDriver - Element is displayed: element with text : Admin
2025-02-01 09:12:59 [TestNG-test-OrangeHRMTest-3] INFO  ActionDriver -  Clicked an element-->element with text : manda UCwxmKcVSV
2025-02-01 09:13:00 [TestNG-test-OrangeHRMTest-3] INFO  ActionDriver -  Clicked an element-->element with text : Logout
2025-02-01 09:13:06 [TestNG-test-OrangeHRMTest-3] INFO  BaseClass - WebDriver instance is closed
